SF:/home/justin/Projects/chess-vector-engine/src/ann.rs
FN:269,_RNvMs2_NtCsh06HHTBymxI_19chess_vector_engine3annNtB5_8ANNIndex5stats
FN:31,_RNvXNtCsh06HHTBymxI_19chess_vector_engine3annNtB2_9ANNResultNtNtCs9sjCchOt1K7_4core3cmp9PartialEq2eq
FN:39,_RNvXs0_NtCsh06HHTBymxI_19chess_vector_engine3annNtB5_9ANNResultNtNtCs9sjCchOt1K7_4core3cmp10PartialOrd11partial_cmp
FN:46,_RNvXs1_NtCsh06HHTBymxI_19chess_vector_engine3annNtB5_9ANNResultNtNtCs9sjCchOt1K7_4core3cmp3Ord3cmp
FN:114,_RNCNvMs2_NtCsh06HHTBymxI_19chess_vector_engine3annNtB7_8ANNIndex10search_lsh0B9_
FN:217,_RNCNvMs2_NtCsh06HHTBymxI_19chess_vector_engine3annNtB7_8ANNIndex12search_exact0B9_
FN:227,_RNCNvMs2_NtCsh06HHTBymxI_19chess_vector_engine3annNtB7_8ANNIndex12search_exacts_0B9_
FN:206,_RNCNvMs2_NtCsh06HHTBymxI_19chess_vector_engine3annNtB7_8ANNIndex13search_hybrid0B9_
FN:261,_RNCNvMs2_NtCsh06HHTBymxI_19chess_vector_engine3annNtB7_8ANNIndex14project_vector0B9_
FN:138,_RNCNvMs2_NtCsh06HHTBymxI_19chess_vector_engine3annNtB7_8ANNIndex24search_random_projection0B9_
FN:149,_RNCNvMs2_NtCsh06HHTBymxI_19chess_vector_engine3annNtB7_8ANNIndex24search_random_projections_0B9_
FN:313,_RNCNvNtCsh06HHTBymxI_19chess_vector_engine3ann17cosine_similarity0B5_
FN:315,_RNCNvNtCsh06HHTBymxI_19chess_vector_engine3ann17cosine_similaritys0_0B5_
FN:314,_RNCNvNtCsh06HHTBymxI_19chess_vector_engine3ann17cosine_similaritys_0B5_
FN:355,_RNvNtNtCsh06HHTBymxI_19chess_vector_engine3ann5testss_17test_ann_with_lsh
FN:368,_RNvNtNtCsh06HHTBymxI_19chess_vector_engine3ann5testss_19test_add_and_search
FN:385,_RNvNtNtCsh06HHTBymxI_19chess_vector_engine3ann5testss_22test_search_strategies
FN:347,_RNvNtNtCsh06HHTBymxI_19chess_vector_engine3ann5testss_23test_ann_index_creation
FN:361,_RNvNtNtCsh06HHTBymxI_19chess_vector_engine3ann5testss_32test_ann_with_random_projections
FN:79,_RNvMs2_NtCsh06HHTBymxI_19chess_vector_engine3annNtB5_8ANNIndex10add_vector
FN:110,_RNvMs2_NtCsh06HHTBymxI_19chess_vector_engine3annNtB5_8ANNIndex10search_lsh
FN:212,_RNvMs2_NtCsh06HHTBymxI_19chess_vector_engine3annNtB5_8ANNIndex12search_exact
FN:155,_RNvMs2_NtCsh06HHTBymxI_19chess_vector_engine3annNtB5_8ANNIndex13search_hybrid
FN:255,_RNvMs2_NtCsh06HHTBymxI_19chess_vector_engine3annNtB5_8ANNIndex14project_vector
FN:233,_RNvMs2_NtCsh06HHTBymxI_19chess_vector_engine3annNtB5_8ANNIndex23init_random_projections
FN:72,_RNvMs2_NtCsh06HHTBymxI_19chess_vector_engine3annNtB5_8ANNIndex23with_random_projections
FN:126,_RNvMs2_NtCsh06HHTBymxI_19chess_vector_engine3annNtB5_8ANNIndex24search_random_projection
FN:53,_RNvMs2_NtCsh06HHTBymxI_19chess_vector_engine3annNtB5_8ANNIndex3new
FN:95,_RNvMs2_NtCsh06HHTBymxI_19chess_vector_engine3annNtB5_8ANNIndex6search
FN:66,_RNvMs2_NtCsh06HHTBymxI_19chess_vector_engine3annNtB5_8ANNIndex8with_lsh
FN:312,_RNvNtCsh06HHTBymxI_19chess_vector_engine3ann17cosine_similarity
FN:325,_RNvNtCsh06HHTBymxI_19chess_vector_engine3ann27vectors_approximately_equal
FNDA:0,_RNvMs2_NtCsh06HHTBymxI_19chess_vector_engine3annNtB5_8ANNIndex5stats
FNDA:0,_RNvXNtCsh06HHTBymxI_19chess_vector_engine3annNtB2_9ANNResultNtNtCs9sjCchOt1K7_4core3cmp9PartialEq2eq
FNDA:0,_RNvXs0_NtCsh06HHTBymxI_19chess_vector_engine3annNtB5_9ANNResultNtNtCs9sjCchOt1K7_4core3cmp10PartialOrd11partial_cmp
FNDA:0,_RNvXs1_NtCsh06HHTBymxI_19chess_vector_engine3annNtB5_9ANNResultNtNtCs9sjCchOt1K7_4core3cmp3Ord3cmp
FNDA:1,_RNCNvMs2_NtCsh06HHTBymxI_19chess_vector_engine3annNtB7_8ANNIndex10search_lsh0B9_
FNDA:4,_RNCNvMs2_NtCsh06HHTBymxI_19chess_vector_engine3annNtB7_8ANNIndex12search_exact0B9_
FNDA:3,_RNCNvMs2_NtCsh06HHTBymxI_19chess_vector_engine3annNtB7_8ANNIndex12search_exacts_0B9_
FNDA:0,_RNCNvMs2_NtCsh06HHTBymxI_19chess_vector_engine3annNtB7_8ANNIndex13search_hybrid0B9_
FNDA:32,_RNCNvMs2_NtCsh06HHTBymxI_19chess_vector_engine3annNtB7_8ANNIndex14project_vector0B9_
FNDA:2,_RNCNvMs2_NtCsh06HHTBymxI_19chess_vector_engine3annNtB7_8ANNIndex24search_random_projection0B9_
FNDA:0,_RNCNvMs2_NtCsh06HHTBymxI_19chess_vector_engine3annNtB7_8ANNIndex24search_random_projections_0B9_
FNDA:24,_RNCNvNtCsh06HHTBymxI_19chess_vector_engine3ann17cosine_similarity0B5_
FNDA:24,_RNCNvNtCsh06HHTBymxI_19chess_vector_engine3ann17cosine_similaritys0_0B5_
FNDA:24,_RNCNvNtCsh06HHTBymxI_19chess_vector_engine3ann17cosine_similaritys_0B5_
FNDA:1,_RNvNtNtCsh06HHTBymxI_19chess_vector_engine3ann5testss_17test_ann_with_lsh
FNDA:1,_RNvNtNtCsh06HHTBymxI_19chess_vector_engine3ann5testss_19test_add_and_search
FNDA:1,_RNvNtNtCsh06HHTBymxI_19chess_vector_engine3ann5testss_22test_search_strategies
FNDA:1,_RNvNtNtCsh06HHTBymxI_19chess_vector_engine3ann5testss_23test_ann_index_creation
FNDA:1,_RNvNtNtCsh06HHTBymxI_19chess_vector_engine3ann5testss_32test_ann_with_random_projections
FNDA:4,_RNvMs2_NtCsh06HHTBymxI_19chess_vector_engine3annNtB5_8ANNIndex10add_vector
FNDA:1,_RNvMs2_NtCsh06HHTBymxI_19chess_vector_engine3annNtB5_8ANNIndex10search_lsh
FNDA:2,_RNvMs2_NtCsh06HHTBymxI_19chess_vector_engine3annNtB5_8ANNIndex12search_exact
FNDA:1,_RNvMs2_NtCsh06HHTBymxI_19chess_vector_engine3annNtB5_8ANNIndex13search_hybrid
FNDA:4,_RNvMs2_NtCsh06HHTBymxI_19chess_vector_engine3annNtB5_8ANNIndex14project_vector
FNDA:1,_RNvMs2_NtCsh06HHTBymxI_19chess_vector_engine3annNtB5_8ANNIndex23init_random_projections
FNDA:2,_RNvMs2_NtCsh06HHTBymxI_19chess_vector_engine3annNtB5_8ANNIndex23with_random_projections
FNDA:2,_RNvMs2_NtCsh06HHTBymxI_19chess_vector_engine3annNtB5_8ANNIndex24search_random_projection
FNDA:5,_RNvMs2_NtCsh06HHTBymxI_19chess_vector_engine3annNtB5_8ANNIndex3new
FNDA:5,_RNvMs2_NtCsh06HHTBymxI_19chess_vector_engine3annNtB5_8ANNIndex6search
FNDA:2,_RNvMs2_NtCsh06HHTBymxI_19chess_vector_engine3annNtB5_8ANNIndex8with_lsh
FNDA:7,_RNvNtCsh06HHTBymxI_19chess_vector_engine3ann17cosine_similarity
FNDA:2,_RNvNtCsh06HHTBymxI_19chess_vector_engine3ann27vectors_approximately_equal
FNF:32
FNH:26
DA:31,0
DA:32,0
DA:33,0
DA:39,0
DA:40,0
DA:41,0
DA:42,0
DA:46,0
DA:47,0
DA:48,0
DA:53,5
DA:54,5
DA:55,5
DA:56,5
DA:57,5
DA:58,5
DA:59,5
DA:60,5
DA:61,5
DA:62,5
DA:63,5
DA:66,2
DA:67,2
DA:68,2
DA:69,2
DA:72,2
DA:73,2
DA:74,2
DA:75,2
DA:76,2
DA:79,4
DA:80,4
DA:81,4
DA:82,1
DA:83,3
DA:85,4
DA:86,4
DA:89,4
DA:90,1
DA:91,3
DA:92,4
DA:95,5
DA:96,5
DA:97,5
DA:98,5
DA:99,5
DA:100,5
DA:101,5
DA:102,1
DA:103,1
DA:104,1
DA:105,2
DA:107,5
DA:110,1
DA:111,1
DA:112,1
DA:113,1
DA:114,1
DA:115,1
DA:116,1
DA:117,1
DA:118,1
DA:119,1
DA:121,0
DA:123,1
DA:126,2
DA:127,2
DA:128,0
DA:129,2
DA:130,2
DA:131,2
DA:132,2
DA:133,2
DA:134,2
DA:135,2
DA:136,2
DA:137,2
DA:138,2
DA:139,2
DA:140,2
DA:141,2
DA:142,2
DA:143,2
DA:144,2
DA:145,2
DA:146,2
DA:147,2
DA:148,2
DA:149,2
DA:150,2
DA:151,2
DA:152,2
DA:155,1
DA:156,1
DA:157,1
DA:160,1
DA:161,1
DA:162,2
DA:164,1
DA:165,1
DA:166,1
DA:167,1
DA:168,0
DA:171,0
DA:174,1
DA:175,1
DA:176,2
DA:178,1
DA:179,1
DA:180,1
DA:181,1
DA:182,0
DA:185,0
DA:188,1
DA:189,1
DA:190,1
DA:191,1
DA:192,0
DA:195,2
DA:196,1
DA:197,1
DA:198,1
DA:199,1
DA:200,1
DA:201,1
DA:202,1
DA:203,1
DA:204,1
DA:206,1
DA:207,1
DA:208,1
DA:209,1
DA:212,2
DA:213,2
DA:214,2
DA:215,2
DA:216,2
DA:217,4
DA:218,4
DA:219,4
DA:220,4
DA:221,4
DA:222,4
DA:223,4
DA:224,4
DA:225,2
DA:226,2
DA:227,3
DA:228,2
DA:229,2
DA:230,2
DA:233,1
DA:235,1
DA:236,1
DA:237,1
DA:238,1
DA:240,0
DA:243,1
DA:244,8
DA:245,8
DA:246,8
DA:248,1
DA:249,1
DA:250,1
DA:251,1
DA:252,1
DA:255,4
DA:256,4
DA:257,8
DA:258,8
DA:259,8
DA:260,8
DA:261,32
DA:262,8
DA:263,8
DA:264,8
DA:265,4
DA:266,4
DA:269,0
DA:270,0
DA:271,0
DA:272,0
DA:273,0
DA:275,0
DA:277,0
DA:278,0
DA:279,0
DA:280,0
DA:282,0
DA:285,0
DA:312,7
DA:313,24
DA:314,24
DA:315,24
DA:316,7
DA:317,7
DA:318,0
DA:320,7
DA:322,7
DA:325,2
DA:326,2
DA:327,0
DA:328,2
DA:329,2
DA:330,2
DA:331,8
DA:332,8
DA:333,0
DA:334,8
DA:336,2
DA:337,2
DA:347,1
DA:348,1
DA:349,1
DA:350,1
DA:351,1
DA:352,1
DA:355,1
DA:356,1
DA:357,1
DA:358,1
DA:361,1
DA:362,1
DA:363,1
DA:364,1
DA:365,1
DA:368,1
DA:369,1
DA:370,1
DA:371,1
DA:372,1
DA:373,1
DA:374,1
DA:375,1
DA:376,1
DA:377,1
DA:378,1
DA:379,1
DA:380,1
DA:381,1
DA:382,1
DA:385,1
DA:386,1
DA:387,1
DA:388,1
DA:389,1
DA:390,1
DA:391,1
DA:392,1
DA:393,1
DA:394,1
DA:395,1
DA:396,1
DA:397,1
DA:398,1
DA:399,1
DA:400,1
DA:401,1
BRF:0
BRH:0
LF:271
LH:236
end_of_record
SF:/home/justin/Projects/chess-vector-engine/src/auto_discovery.rs
FN:206,_RNCNvMNtCsh06HHTBymxI_19chess_vector_engine14auto_discoveryNtB4_13AutoDiscovery17extract_base_name0B6_
FN:84,_RNCNvMNtCsh06HHTBymxI_19chess_vector_engine14auto_discoveryNtB4_13AutoDiscovery24consolidate_by_base_name0B6_
FN:31,_RINvMNtCsh06HHTBymxI_19chess_vector_engine14auto_discoveryNtB3_13AutoDiscovery23discover_training_filespEB5_
FN:46,_RNCINvMNtCsh06HHTBymxI_19chess_vector_engine14auto_discoveryNtB5_13AutoDiscovery23discover_training_filespE0B7_
FN:49,_RNCNCINvMNtCsh06HHTBymxI_19chess_vector_engine14auto_discoveryNtB7_13AutoDiscovery23discover_training_filespE00B9_
FN:174,_RNCNvMNtCsh06HHTBymxI_19chess_vector_engine14auto_discoveryNtB4_13AutoDiscovery12analyze_file0B6_
FN:224,_RNCNvMNtCsh06HHTBymxI_19chess_vector_engine14auto_discoveryNtB4_13AutoDiscovery13detect_format0B6_
FN:169,_RNvMNtCsh06HHTBymxI_19chess_vector_engine14auto_discoveryNtB2_13AutoDiscovery12analyze_file
FN:349,_RNvMNtCsh06HHTBymxI_19chess_vector_engine14auto_discoveryNtB2_13AutoDiscovery12format_bytes
FN:221,_RNvMNtCsh06HHTBymxI_19chess_vector_engine14auto_discoveryNtB2_13AutoDiscovery13detect_format
FN:143,_RNvMNtCsh06HHTBymxI_19chess_vector_engine14auto_discoveryNtB2_13AutoDiscovery14scan_directory
FN:112,_RNvMNtCsh06HHTBymxI_19chess_vector_engine14auto_discoveryNtB2_13AutoDiscovery19cleanup_old_formats
FN:95,_RNvMNtCsh06HHTBymxI_19chess_vector_engine14auto_discoveryNtB2_13AutoDiscovery22get_cleanup_candidates
FN:261,_RNvMNtCsh06HHTBymxI_19chess_vector_engine14auto_discoveryNtB2_13AutoDiscovery25verify_json_training_data
FN:311,_RNvMNtCsh06HHTBymxI_19chess_vector_engine14auto_discoveryNtB2_13AutoDiscovery27verify_binary_training_data
FN:391,_RNvNtNtCsh06HHTBymxI_19chess_vector_engine14auto_discovery5testss_18test_consolidation
FN:384,_RNvNtNtCsh06HHTBymxI_19chess_vector_engine14auto_discovery5testss_20test_format_priority
FN:368,_RNvNtNtCsh06HHTBymxI_19chess_vector_engine14auto_discovery5testss_25test_base_name_extraction
FN:203,_RNvMNtCsh06HHTBymxI_19chess_vector_engine14auto_discoveryNtB2_13AutoDiscovery17extract_base_name
FN:69,_RNvMNtCsh06HHTBymxI_19chess_vector_engine14auto_discoveryNtB2_13AutoDiscovery24consolidate_by_base_name
FNDA:3,_RNCNvMNtCsh06HHTBymxI_19chess_vector_engine14auto_discoveryNtB4_13AutoDiscovery17extract_base_name0B6_
FNDA:1,_RNCNvMNtCsh06HHTBymxI_19chess_vector_engine14auto_discoveryNtB4_13AutoDiscovery24consolidate_by_base_name0B6_
FNDA:0,_RINvMNtCsh06HHTBymxI_19chess_vector_engine14auto_discoveryNtB3_13AutoDiscovery23discover_training_filespEB5_
FNDA:0,_RNCINvMNtCsh06HHTBymxI_19chess_vector_engine14auto_discoveryNtB5_13AutoDiscovery23discover_training_filespE0B7_
FNDA:0,_RNCNCINvMNtCsh06HHTBymxI_19chess_vector_engine14auto_discoveryNtB7_13AutoDiscovery23discover_training_filespE00B9_
FNDA:0,_RNCNvMNtCsh06HHTBymxI_19chess_vector_engine14auto_discoveryNtB4_13AutoDiscovery12analyze_file0B6_
FNDA:0,_RNCNvMNtCsh06HHTBymxI_19chess_vector_engine14auto_discoveryNtB4_13AutoDiscovery13detect_format0B6_
FNDA:0,_RNvMNtCsh06HHTBymxI_19chess_vector_engine14auto_discoveryNtB2_13AutoDiscovery12analyze_file
FNDA:0,_RNvMNtCsh06HHTBymxI_19chess_vector_engine14auto_discoveryNtB2_13AutoDiscovery12format_bytes
FNDA:0,_RNvMNtCsh06HHTBymxI_19chess_vector_engine14auto_discoveryNtB2_13AutoDiscovery13detect_format
FNDA:0,_RNvMNtCsh06HHTBymxI_19chess_vector_engine14auto_discoveryNtB2_13AutoDiscovery14scan_directory
FNDA:0,_RNvMNtCsh06HHTBymxI_19chess_vector_engine14auto_discoveryNtB2_13AutoDiscovery19cleanup_old_formats
FNDA:0,_RNvMNtCsh06HHTBymxI_19chess_vector_engine14auto_discoveryNtB2_13AutoDiscovery22get_cleanup_candidates
FNDA:0,_RNvMNtCsh06HHTBymxI_19chess_vector_engine14auto_discoveryNtB2_13AutoDiscovery25verify_json_training_data
FNDA:0,_RNvMNtCsh06HHTBymxI_19chess_vector_engine14auto_discoveryNtB2_13AutoDiscovery27verify_binary_training_data
FNDA:1,_RNvNtNtCsh06HHTBymxI_19chess_vector_engine14auto_discovery5testss_18test_consolidation
FNDA:1,_RNvNtNtCsh06HHTBymxI_19chess_vector_engine14auto_discovery5testss_20test_format_priority
FNDA:1,_RNvNtNtCsh06HHTBymxI_19chess_vector_engine14auto_discovery5testss_25test_base_name_extraction
FNDA:3,_RNvMNtCsh06HHTBymxI_19chess_vector_engine14auto_discoveryNtB2_13AutoDiscovery17extract_base_name
FNDA:1,_RNvMNtCsh06HHTBymxI_19chess_vector_engine14auto_discoveryNtB2_13AutoDiscovery24consolidate_by_base_name
FNF:20
FNH:7
DA:31,0
DA:32,0
DA:33,0
DA:34,0
DA:35,0
DA:36,0
DA:37,0
DA:38,0
DA:39,0
DA:40,0
DA:41,0
DA:42,0
DA:43,0
DA:46,0
DA:47,0
DA:48,0
DA:49,0
DA:50,0
DA:51,0
DA:52,0
DA:53,0
DA:54,0
DA:55,0
DA:56,0
DA:57,0
DA:58,0
DA:59,0
DA:60,0
DA:61,0
DA:62,0
DA:63,0
DA:65,0
DA:66,0
DA:69,1
DA:70,1
DA:73,3
DA:74,2
DA:75,2
DA:76,2
DA:77,2
DA:78,2
DA:80,1
DA:83,2
DA:84,1
DA:86,1
DA:87,1
DA:88,1
DA:91,1
DA:92,1
DA:95,0
DA:96,0
DA:97,0
DA:99,0
DA:100,0
DA:102,0
DA:103,0
DA:104,0
DA:105,0
DA:108,0
DA:109,0
DA:112,0
DA:113,0
DA:114,0
DA:115,0
DA:116,0
DA:117,0
DA:118,0
DA:119,0
DA:120,0
DA:121,0
DA:122,0
DA:123,0
DA:124,0
DA:125,0
DA:126,0
DA:127,0
DA:128,0
DA:129,0
DA:130,0
DA:132,0
DA:133,0
DA:134,0
DA:135,0
DA:139,0
DA:140,0
DA:143,0
DA:144,0
DA:145,0
DA:146,0
DA:147,0
DA:148,0
DA:149,0
DA:150,0
DA:152,0
DA:153,0
DA:154,0
DA:155,0
DA:156,0
DA:157,0
DA:158,0
DA:159,0
DA:160,0
DA:161,0
DA:162,0
DA:165,0
DA:166,0
DA:169,0
DA:170,0
DA:171,0
DA:174,0
DA:175,0
DA:176,0
DA:177,0
DA:178,0
DA:179,0
DA:181,0
DA:182,0
DA:183,0
DA:186,0
DA:189,0
DA:190,0
DA:191,0
DA:192,0
DA:193,0
DA:194,0
DA:195,0
DA:196,0
DA:197,0
DA:198,0
DA:199,0
DA:200,0
DA:203,3
DA:204,3
DA:205,3
DA:206,3
DA:207,3
DA:208,3
DA:209,3
DA:210,3
DA:211,3
DA:212,3
DA:213,3
DA:214,3
DA:215,3
DA:216,3
DA:217,3
DA:218,3
DA:221,0
DA:222,0
DA:223,0
DA:224,0
DA:225,0
DA:226,0
DA:227,0
DA:228,0
DA:229,0
DA:230,0
DA:231,0
DA:232,0
DA:233,0
DA:234,0
DA:235,0
DA:236,0
DA:237,0
DA:238,0
DA:239,0
DA:240,0
DA:241,0
DA:242,0
DA:243,0
DA:244,0
DA:245,0
DA:246,0
DA:247,0
DA:248,0
DA:249,0
DA:250,0
DA:252,0
DA:253,0
DA:254,0
DA:255,0
DA:257,0
DA:258,0
DA:261,0
DA:263,0
DA:264,0
DA:265,0
DA:267,0
DA:268,0
DA:269,0
DA:271,0
DA:272,0
DA:275,0
DA:276,0
DA:277,0
DA:278,0
DA:281,0
DA:282,0
DA:285,0
DA:289,0
DA:290,0
DA:291,0
DA:293,0
DA:295,0
DA:296,0
DA:297,0
DA:298,0
DA:299,0
DA:300,0
DA:301,0
DA:302,0
DA:303,0
DA:304,0
DA:307,0
DA:308,0
DA:311,0
DA:315,0
DA:316,0
DA:317,0
DA:319,0
DA:320,0
DA:321,0
DA:323,0
DA:324,0
DA:325,0
DA:327,0
DA:328,0
DA:329,0
DA:330,0
DA:331,0
DA:332,0
DA:333,0
DA:334,0
DA:335,0
DA:336,0
DA:339,0
DA:340,0
DA:341,0
DA:342,0
DA:343,0
DA:345,0
DA:346,0
DA:349,0
DA:351,0
DA:352,0
DA:354,0
DA:355,0
DA:356,0
DA:357,0
DA:359,0
DA:360,0
DA:368,1
DA:369,1
DA:370,1
DA:371,1
DA:372,1
DA:373,1
DA:374,1
DA:375,1
DA:376,1
DA:377,1
DA:378,1
DA:379,1
DA:380,1
DA:381,1
DA:384,1
DA:385,1
DA:386,1
DA:387,1
DA:388,1
DA:391,1
DA:392,1
DA:393,1
DA:394,1
DA:395,1
DA:396,1
DA:397,1
DA:398,1
DA:399,1
DA:400,1
DA:401,1
DA:402,1
DA:403,1
DA:404,1
DA:405,1
DA:406,1
DA:407,1
DA:408,1
DA:409,1
DA:410,1
DA:411,1
DA:412,1
DA:413,1
DA:414,1
BRF:0
BRH:0
LF:301
LH:77
end_of_record
SF:/home/justin/Projects/chess-vector-engine/src/bin/analyze.rs
FN:259,_RNvCslIfgqNcQgil_7analyze16analyze_material
FN:185,_RNvCslIfgqNcQgil_7analyze16analyze_position
FN:95,_RNvCslIfgqNcQgil_7analyze17load_opening_book
FN:336,_RNvCslIfgqNcQgil_7analyze22count_developed_pieces
FN:40,_RNvCslIfgqNcQgil_7analyze26initialize_analysis_engine
FN:302,_RNvCslIfgqNcQgil_7analyze27analyze_positional_features
FN:6,_RNvCslIfgqNcQgil_7analyze4main
FNDA:0,_RNvCslIfgqNcQgil_7analyze16analyze_material
FNDA:0,_RNvCslIfgqNcQgil_7analyze16analyze_position
FNDA:0,_RNvCslIfgqNcQgil_7analyze17load_opening_book
FNDA:0,_RNvCslIfgqNcQgil_7analyze22count_developed_pieces
FNDA:0,_RNvCslIfgqNcQgil_7analyze26initialize_analysis_engine
FNDA:0,_RNvCslIfgqNcQgil_7analyze27analyze_positional_features
FNDA:0,_RNvCslIfgqNcQgil_7analyze4main
FNF:7
FNH:0
DA:6,0
DA:7,0
DA:8,0
DA:9,0
DA:10,0
DA:11,0
DA:12,0
DA:13,0
DA:14,0
DA:15,0
DA:16,0
DA:17,0
DA:18,0
DA:19,0
DA:20,0
DA:21,0
DA:22,0
DA:23,0
DA:24,0
DA:25,0
DA:26,0
DA:27,0
DA:28,0
DA:29,0
DA:30,0
DA:31,0
DA:32,0
DA:33,0
DA:34,0
DA:35,0
DA:36,0
DA:37,0
DA:40,0
DA:41,0
DA:42,0
DA:43,0
DA:44,0
DA:45,0
DA:46,0
DA:47,0
DA:48,0
DA:49,0
DA:50,0
DA:51,0
DA:52,0
DA:53,0
DA:54,0
DA:55,0
DA:56,0
DA:57,0
DA:60,0
DA:61,0
DA:62,0
DA:63,0
DA:64,0
DA:65,0
DA:66,0
DA:67,0
DA:68,0
DA:69,0
DA:72,0
DA:73,0
DA:74,0
DA:75,0
DA:77,0
DA:78,0
DA:79,0
DA:80,0
DA:81,0
DA:82,0
DA:83,0
DA:84,0
DA:85,0
DA:86,0
DA:87,0
DA:88,0
DA:89,0
DA:92,0
DA:95,0
DA:96,0
DA:97,0
DA:98,0
DA:99,0
DA:100,0
DA:101,0
DA:102,0
DA:103,0
DA:104,0
DA:105,0
DA:106,0
DA:107,0
DA:108,0
DA:109,0
DA:110,0
DA:111,0
DA:112,0
DA:113,0
DA:114,0
DA:115,0
DA:116,0
DA:117,0
DA:118,0
DA:119,0
DA:120,0
DA:121,0
DA:122,0
DA:123,0
DA:124,0
DA:125,0
DA:126,0
DA:127,0
DA:128,0
DA:129,0
DA:130,0
DA:131,0
DA:132,0
DA:133,0
DA:134,0
DA:135,0
DA:136,0
DA:137,0
DA:138,0
DA:139,0
DA:140,0
DA:141,0
DA:142,0
DA:143,0
DA:144,0
DA:145,0
DA:146,0
DA:147,0
DA:148,0
DA:149,0
DA:150,0
DA:151,0
DA:152,0
DA:153,0
DA:154,0
DA:155,0
DA:156,0
DA:157,0
DA:158,0
DA:159,0
DA:160,0
DA:161,0
DA:162,0
DA:163,0
DA:164,0
DA:165,0
DA:166,0
DA:167,0
DA:168,0
DA:169,0
DA:170,0
DA:171,0
DA:172,0
DA:173,0
DA:174,0
DA:175,0
DA:176,0
DA:178,0
DA:179,0
DA:180,0
DA:181,0
DA:182,0
DA:185,0
DA:186,0
DA:187,0
DA:188,0
DA:189,0
DA:190,0
DA:191,0
DA:192,0
DA:193,0
DA:194,0
DA:197,0
DA:198,0
DA:199,0
DA:200,0
DA:201,0
DA:202,0
DA:203,0
DA:204,0
DA:205,0
DA:206,0
DA:207,0
DA:208,0
DA:209,0
DA:210,0
DA:211,0
DA:212,0
DA:213,0
DA:214,0
DA:215,0
DA:216,0
DA:217,0
DA:220,0
DA:221,0
DA:222,0
DA:223,0
DA:224,0
DA:225,0
DA:226,0
DA:231,0
DA:232,0
DA:233,0
DA:234,0
DA:235,0
DA:236,0
DA:237,0
DA:238,0
DA:239,0
DA:240,0
DA:243,0
DA:244,0
DA:245,0
DA:246,0
DA:247,0
DA:248,0
DA:249,0
DA:252,0
DA:253,0
DA:254,0
DA:255,0
DA:256,0
DA:259,0
DA:260,0
DA:264,0
DA:265,0
DA:266,0
DA:267,0
DA:268,0
DA:269,0
DA:270,0
DA:271,0
DA:272,0
DA:273,0
DA:274,0
DA:276,0
DA:277,0
DA:278,0
DA:279,0
DA:280,0
DA:281,0
DA:282,0
DA:283,0
DA:284,0
DA:285,0
DA:286,0
DA:287,0
DA:288,0
DA:289,0
DA:290,0
DA:291,0
DA:294,0
DA:295,0
DA:296,0
DA:297,0
DA:298,0
DA:299,0
DA:302,0
DA:303,0
DA:308,0
DA:309,0
DA:310,0
DA:311,0
DA:313,0
DA:314,0
DA:315,0
DA:316,0
DA:317,0
DA:318,0
DA:319,0
DA:322,0
DA:326,0
DA:327,0
DA:328,0
DA:329,0
DA:330,0
DA:331,0
DA:332,0
DA:333,0
DA:336,0
DA:339,0
DA:342,0
DA:343,0
DA:344,0
DA:345,0
DA:346,0
DA:347,0
DA:348,0
DA:350,0
DA:351,0
DA:352,0
DA:353,0
DA:354,0
DA:357,0
DA:358,0
BRF:0
BRH:0
LF:298
LH:0
end_of_record
SF:/home/justin/Projects/chess-vector-engine/src/bin/benchmark.rs
FN:92,_RINvCscPYehlb4FTQ_9benchmark24generate_random_positionpEB2_
FN:110,_RNvCscPYehlb4FTQ_9benchmark24test_similarity_accuracy
FN:6,_RNvCscPYehlb4FTQ_9benchmark4main
FNDA:0,_RINvCscPYehlb4FTQ_9benchmark24generate_random_positionpEB2_
FNDA:0,_RNvCscPYehlb4FTQ_9benchmark24test_similarity_accuracy
FNDA:0,_RNvCscPYehlb4FTQ_9benchmark4main
FNF:3
FNH:0
DA:6,0
DA:7,0
DA:8,0
DA:9,0
DA:10,0
DA:11,0
DA:12,0
DA:13,0
DA:14,0
DA:15,0
DA:16,0
DA:17,0
DA:18,0
DA:19,0
DA:20,0
DA:21,0
DA:22,0
DA:23,0
DA:24,0
DA:25,0
DA:26,0
DA:27,0
DA:28,0
DA:29,0
DA:30,0
DA:31,0
DA:32,0
DA:33,0
DA:34,0
DA:35,0
DA:36,0
DA:37,0
DA:38,0
DA:40,0
DA:41,0
DA:42,0
DA:43,0
DA:44,0
DA:45,0
DA:46,0
DA:47,0
DA:48,0
DA:49,0
DA:50,0
DA:51,0
DA:52,0
DA:55,0
DA:56,0
DA:57,0
DA:58,0
DA:59,0
DA:60,0
DA:61,0
DA:62,0
DA:63,0
DA:64,0
DA:65,0
DA:66,0
DA:67,0
DA:68,0
DA:69,0
DA:70,0
DA:71,0
DA:72,0
DA:73,0
DA:74,0
DA:75,0
DA:76,0
DA:77,0
DA:78,0
DA:79,0
DA:80,0
DA:81,0
DA:85,0
DA:86,0
DA:87,0
DA:88,0
DA:89,0
DA:92,0
DA:93,0
DA:94,0
DA:95,0
DA:96,0
DA:97,0
DA:98,0
DA:99,0
DA:100,0
DA:101,0
DA:102,0
DA:103,0
DA:106,0
DA:107,0
DA:110,0
DA:114,0
DA:115,0
DA:116,0
DA:117,0
DA:118,0
DA:119,0
DA:120,0
DA:121,0
DA:122,0
DA:123,0
DA:124,0
DA:125,0
DA:126,0
DA:127,0
DA:128,0
DA:129,0
DA:130,0
DA:131,0
DA:132,0
DA:133,0
DA:134,0
DA:135,0
DA:136,0
DA:137,0
DA:138,0
DA:139,0
DA:140,0
DA:141,0
DA:142,0
DA:143,0
DA:144,0
DA:145,0
DA:146,0
DA:148,0
DA:149,0
DA:150,0
DA:151,0
DA:152,0
DA:153,0
DA:154,0
DA:155,0
BRF:0
BRH:0
LF:134
LH:0
end_of_record
SF:/home/justin/Projects/chess-vector-engine/src/bin/creator_premium_demo.rs
FN:4,_RNvCsfPY2xAnPa8U_20creator_premium_demo4main
FNDA:0,_RNvCsfPY2xAnPa8U_20creator_premium_demo4main
FNF:1
FNH:0
DA:4,0
DA:5,0
DA:6,0
DA:7,0
DA:8,0
DA:9,0
DA:10,0
DA:11,0
DA:12,0
DA:13,0
DA:14,0
DA:15,0
DA:16,0
DA:17,0
DA:18,0
DA:19,0
DA:20,0
DA:21,0
DA:22,0
DA:23,0
DA:24,0
DA:25,0
DA:27,0
DA:28,0
DA:29,0
DA:33,0
DA:34,0
DA:35,0
DA:36,0
DA:37,0
DA:38,0
DA:39,0
DA:40,0
DA:41,0
DA:42,0
DA:43,0
DA:44,0
DA:45,0
DA:46,0
DA:47,0
DA:48,0
DA:49,0
DA:50,0
DA:52,0
DA:55,0
DA:56,0
DA:57,0
DA:58,0
DA:61,0
DA:62,0
DA:63,0
DA:64,0
DA:67,0
DA:68,0
DA:69,0
DA:70,0
DA:71,0
DA:72,0
DA:73,0
DA:74,0
DA:75,0
DA:76,0
DA:77,0
DA:78,0
DA:79,0
DA:80,0
DA:81,0
DA:82,0
DA:83,0
DA:84,0
DA:85,0
DA:86,0
DA:87,0
DA:89,0
DA:90,0
DA:91,0
DA:92,0
DA:94,0
DA:95,0
DA:96,0
DA:97,0
DA:100,0
DA:101,0
DA:102,0
DA:103,0
DA:104,0
DA:105,0
DA:107,0
DA:108,0
DA:109,0
DA:110,0
DA:113,0
DA:114,0
DA:115,0
DA:116,0
DA:118,0
DA:121,0
DA:124,0
DA:125,0
DA:126,0
DA:127,0
DA:128,0
DA:129,0
DA:130,0
DA:131,0
DA:132,0
DA:133,0
DA:136,0
DA:137,0
DA:138,0
DA:139,0
DA:140,0
DA:141,0
DA:142,0
DA:143,0
DA:144,0
DA:145,0
DA:146,0
DA:147,0
DA:148,0
DA:149,0
DA:150,0
DA:151,0
DA:152,0
DA:153,0
DA:154,0
DA:155,0
DA:156,0
DA:157,0
DA:158,0
DA:159,0
DA:160,0
DA:161,0
DA:162,0
DA:163,0
DA:164,0
DA:165,0
DA:166,0
DA:167,0
DA:168,0
DA:169,0
DA:170,0
DA:171,0
BRF:0
BRH:0
LF:143
LH:0
end_of_record
SF:/home/justin/Projects/chess-vector-engine/src/bin/debug_panic.rs
FN:5,_RNvCs61XweSnEGa2_11debug_panic4main
FNDA:0,_RNvCs61XweSnEGa2_11debug_panic4main
FNF:1
FNH:0
DA:5,0
DA:6,0
DA:7,0
DA:8,0
DA:9,0
DA:10,0
DA:11,0
DA:14,0
DA:15,0
DA:16,0
DA:17,0
DA:19,0
DA:20,0
DA:21,0
DA:26,0
DA:27,0
DA:28,0
DA:30,0
DA:31,0
DA:32,0
DA:35,0
DA:36,0
DA:37,0
DA:38,0
DA:39,0
DA:40,0
DA:41,0
DA:42,0
DA:43,0
DA:47,0
DA:48,0
DA:49,0
DA:51,0
DA:52,0
DA:53,0
DA:54,0
DA:55,0
DA:56,0
DA:57,0
DA:58,0
DA:61,0
DA:62,0
DA:63,0
DA:64,0
DA:65,0
DA:66,0
DA:67,0
DA:68,0
DA:69,0
DA:70,0
DA:71,0
DA:72,0
DA:76,0
DA:77,0
DA:78,0
DA:79,0
DA:80,0
BRF:0
BRH:0
LF:57
LH:0
end_of_record
SF:/home/justin/Projects/chess-vector-engine/src/bin/demo.rs
FN:5,_RNvCsdi9N9KZwMLG_4demo4main
FNDA:0,_RNvCsdi9N9KZwMLG_4demo4main
FNF:1
FNH:0
DA:5,0
DA:6,0
DA:7,0
DA:10,0
DA:11,0
DA:12,0
DA:13,0
DA:14,0
DA:15,0
DA:16,0
DA:17,0
DA:18,0
DA:19,0
DA:20,0
DA:23,0
DA:24,0
DA:29,0
DA:30,0
DA:31,0
DA:32,0
DA:33,0
DA:34,0
DA:35,0
DA:36,0
DA:37,0
DA:38,0
DA:39,0
DA:40,0
DA:41,0
DA:42,0
DA:43,0
DA:44,0
DA:45,0
DA:46,0
DA:47,0
DA:48,0
DA:49,0
DA:50,0
DA:51,0
DA:52,0
DA:53,0
DA:54,0
DA:55,0
DA:56,0
DA:57,0
DA:58,0
DA:59,0
DA:60,0
DA:61,0
DA:62,0
DA:63,0
DA:64,0
DA:65,0
DA:68,0
DA:69,0
DA:70,0
DA:71,0
DA:72,0
DA:74,0
DA:75,0
DA:76,0
DA:77,0
DA:78,0
DA:79,0
DA:80,0
DA:81,0
DA:82,0
DA:83,0
DA:84,0
DA:86,0
DA:87,0
DA:88,0
DA:89,0
DA:90,0
DA:91,0
DA:92,0
DA:93,0
DA:96,0
DA:97,0
DA:98,0
DA:99,0
DA:100,0
DA:101,0
DA:104,0
DA:105,0
DA:106,0
DA:107,0
DA:108,0
DA:109,0
DA:111,0
DA:112,0
DA:113,0
DA:114,0
DA:115,0
DA:116,0
DA:117,0
DA:118,0
DA:120,0
DA:121,0
DA:122,0
DA:125,0
DA:126,0
DA:127,0
DA:128,0
DA:129,0
DA:130,0
DA:131,0
DA:132,0
DA:133,0
DA:134,0
DA:135,0
DA:136,0
DA:137,0
DA:138,0
DA:139,0
DA:140,0
DA:141,0
DA:142,0
DA:143,0
DA:144,0
DA:145,0
DA:146,0
DA:147,0
DA:148,0
DA:149,0
DA:150,0
DA:151,0
DA:152,0
DA:153,0
DA:154,0
DA:155,0
DA:156,0
DA:157,0
DA:158,0
DA:159,0
DA:160,0
DA:161,0
DA:162,0
DA:163,0
DA:164,0
DA:165,0
DA:166,0
DA:167,0
BRF:0
BRH:0
LF:143
LH:0
end_of_record
SF:/home/justin/Projects/chess-vector-engine/src/bin/feature_demo.rs
FN:166,_RNvCsdU8MQ4wJt08_12feature_demo14find_test_file
FN:4,_RNvCsdU8MQ4wJt08_12feature_demo4main
FNDA:0,_RNvCsdU8MQ4wJt08_12feature_demo14find_test_file
FNDA:0,_RNvCsdU8MQ4wJt08_12feature_demo4main
FNF:2
FNH:0
DA:4,0
DA:5,0
DA:6,0
DA:7,0
DA:8,0
DA:9,0
DA:10,0
DA:11,0
DA:12,0
DA:13,0
DA:14,0
DA:15,0
DA:16,0
DA:17,0
DA:18,0
DA:19,0
DA:20,0
DA:21,0
DA:22,0
DA:23,0
DA:24,0
DA:25,0
DA:26,0
DA:27,0
DA:28,0
DA:29,0
DA:30,0
DA:31,0
DA:32,0
DA:33,0
DA:34,0
DA:35,0
DA:36,0
DA:37,0
DA:38,0
DA:39,0
DA:40,0
DA:41,0
DA:42,0
DA:43,0
DA:44,0
DA:45,0
DA:46,0
DA:49,0
DA:50,0
DA:51,0
DA:52,0
DA:57,0
DA:58,0
DA:59,0
DA:60,0
DA:61,0
DA:62,0
DA:63,0
DA:64,0
DA:65,0
DA:66,0
DA:67,0
DA:68,0
DA:69,0
DA:70,0
DA:71,0
DA:72,0
DA:73,0
DA:74,0
DA:75,0
DA:76,0
DA:77,0
DA:78,0
DA:79,0
DA:80,0
DA:81,0
DA:82,0
DA:83,0
DA:84,0
DA:85,0
DA:86,0
DA:87,0
DA:88,0
DA:89,0
DA:90,0
DA:91,0
DA:92,0
DA:93,0
DA:94,0
DA:95,0
DA:96,0
DA:97,0
DA:98,0
DA:99,0
DA:100,0
DA:101,0
DA:102,0
DA:103,0
DA:104,0
DA:105,0
DA:106,0
DA:107,0
DA:108,0
DA:109,0
DA:110,0
DA:111,0
DA:112,0
DA:113,0
DA:114,0
DA:115,0
DA:116,0
DA:117,0
DA:118,0
DA:119,0
DA:120,0
DA:121,0
DA:122,0
DA:123,0
DA:124,0
DA:125,0
DA:126,0
DA:127,0
DA:128,0
DA:129,0
DA:130,0
DA:131,0
DA:132,0
DA:133,0
DA:134,0
DA:135,0
DA:136,0
DA:137,0
DA:138,0
DA:139,0
DA:140,0
DA:141,0
DA:142,0
DA:143,0
DA:144,0
DA:145,0
DA:146,0
DA:148,0
DA:149,0
DA:150,0
DA:151,0
DA:153,0
DA:154,0
DA:155,0
DA:156,0
DA:157,0
DA:158,0
DA:159,0
DA:160,0
DA:163,0
DA:164,0
DA:166,0
DA:168,0
DA:170,0
DA:171,0
DA:173,0
DA:174,0
DA:175,0
DA:177,0
DA:178,0
BRF:0
BRH:0
LF:160
LH:0
end_of_record
SF:/home/justin/Projects/chess-vector-engine/src/bin/license_demo.rs
FN:7,_RNCNvCsfwCRvs7jMuX_12license_demo4main0B3_
FN:7,_RNvCsfwCRvs7jMuX_12license_demo4main
FN:244,_RNvNtCsfwCRvs7jMuX_12license_demo13license_utils17current_timestamp
FNDA:0,_RNCNvCsfwCRvs7jMuX_12license_demo4main0B3_
FNDA:0,_RNvCsfwCRvs7jMuX_12license_demo4main
FNDA:0,_RNvNtCsfwCRvs7jMuX_12license_demo13license_utils17current_timestamp
FNF:3
FNH:0
DA:7,0
DA:8,0
DA:9,0
DA:10,0
DA:11,0
DA:12,0
DA:13,0
DA:14,0
DA:15,0
DA:16,0
DA:17,0
DA:18,0
DA:19,0
DA:20,0
DA:21,0
DA:22,0
DA:23,0
DA:24,0
DA:25,0
DA:26,0
DA:27,0
DA:28,0
DA:29,0
DA:30,0
DA:31,0
DA:32,0
DA:33,0
DA:34,0
DA:35,0
DA:36,0
DA:37,0
DA:38,0
DA:39,0
DA:40,0
DA:41,0
DA:42,0
DA:43,0
DA:44,0
DA:45,0
DA:46,0
DA:47,0
DA:48,0
DA:49,0
DA:50,0
DA:51,0
DA:52,0
DA:53,0
DA:54,0
DA:55,0
DA:56,0
DA:57,0
DA:58,0
DA:59,0
DA:60,0
DA:61,0
DA:62,0
DA:63,0
DA:64,0
DA:65,0
DA:66,0
DA:67,0
DA:68,0
DA:69,0
DA:70,0
DA:71,0
DA:72,0
DA:73,0
DA:74,0
DA:75,0
DA:76,0
DA:77,0
DA:78,0
DA:79,0
DA:80,0
DA:81,0
DA:82,0
DA:83,0
DA:84,0
DA:85,0
DA:86,0
DA:87,0
DA:88,0
DA:89,0
DA:90,0
DA:91,0
DA:92,0
DA:93,0
DA:94,0
DA:95,0
DA:96,0
DA:97,0
DA:98,0
DA:99,0
DA:100,0
DA:101,0
DA:102,0
DA:103,0
DA:104,0
DA:105,0
DA:106,0
DA:107,0
DA:108,0
DA:109,0
DA:110,0
DA:111,0
DA:112,0
DA:113,0
DA:114,0
DA:115,0
DA:116,0
DA:117,0
DA:118,0
DA:119,0
DA:120,0
DA:121,0
DA:122,0
DA:123,0
DA:124,0
DA:125,0
DA:126,0
DA:127,0
DA:128,0
DA:129,0
DA:130,0
DA:131,0
DA:132,0
DA:133,0
DA:134,0
DA:135,0
DA:136,0
DA:137,0
DA:138,0
DA:139,0
DA:140,0
DA:141,0
DA:142,0
DA:143,0
DA:144,0
DA:145,0
DA:146,0
DA:147,0
DA:148,0
DA:149,0
DA:150,0
DA:151,0
DA:152,0
DA:153,0
DA:154,0
DA:155,0
DA:156,0
DA:157,0
DA:158,0
DA:159,0
DA:160,0
DA:161,0
DA:162,0
DA:163,0
DA:164,0
DA:165,0
DA:166,0
DA:167,0
DA:168,0
DA:169,0
DA:170,0
DA:171,0
DA:172,0
DA:173,0
DA:174,0
DA:175,0
DA:176,0
DA:177,0
DA:178,0
DA:179,0
DA:180,0
DA:181,0
DA:182,0
DA:183,0
DA:184,0
DA:185,0
DA:186,0
DA:187,0
DA:188,0
DA:189,0
DA:190,0
DA:191,0
DA:192,0
DA:193,0
DA:194,0
DA:195,0
DA:196,0
DA:197,0
DA:198,0
DA:199,0
DA:200,0
DA:201,0
DA:202,0
DA:203,0
DA:204,0
DA:205,0
DA:206,0
DA:207,0
DA:208,0
DA:209,0
DA:210,0
DA:211,0
DA:212,0
DA:213,0
DA:214,0
DA:215,0
DA:216,0
DA:217,0
DA:218,0
DA:219,0
DA:220,0
DA:221,0
DA:222,0
DA:223,0
DA:224,0
DA:225,0
DA:226,0
DA:227,0
DA:228,0
DA:229,0
DA:230,0
DA:231,0
DA:232,0
DA:233,0
DA:234,0
DA:235,0
DA:236,0
DA:237,0
DA:238,0
DA:244,0
DA:245,0
DA:246,0
DA:247,0
DA:248,0
DA:249,0
BRF:0
BRH:0
LF:425
LH:0
end_of_record
SF:/home/justin/Projects/chess-vector-engine/src/bin/play_stockfish.rs
FN:70,_RNCNvCsfLmih3XpX2X_14play_stockfish14convert_to_san0B3_
FN:82,_RNCNvCsfLmih3XpX2X_14play_stockfish14convert_to_sans_0B3_
FN:147,_RNCNvMCsfLmih3XpX2X_14play_stockfishNtB4_15StockfishPlayer3new0B4_
FN:415,_RNCNvMs0_CsfLmih3XpX2X_14play_stockfishNtB7_9GameState20calculate_statistics0B7_
FN:430,_RNCNvMs0_CsfLmih3XpX2X_14play_stockfishNtB7_9GameState20calculate_statisticss0_0B7_
FN:438,_RNCNvMs0_CsfLmih3XpX2X_14play_stockfishNtB7_9GameState20calculate_statisticss1_0B7_
FN:442,_RNCNvMs0_CsfLmih3XpX2X_14play_stockfishNtB7_9GameState20calculate_statisticss2_0B7_
FN:445,_RNCNvMs0_CsfLmih3XpX2X_14play_stockfishNtB7_9GameState20calculate_statisticss3_0B7_
FN:453,_RNCNvMs0_CsfLmih3XpX2X_14play_stockfishNtB7_9GameState20calculate_statisticss4_0B7_
FN:456,_RNCNvMs0_CsfLmih3XpX2X_14play_stockfishNtB7_9GameState20calculate_statisticss5_0B7_
FN:423,_RNCNvMs0_CsfLmih3XpX2X_14play_stockfishNtB7_9GameState20calculate_statisticss_0B7_
FN:23,_RNvCsfLmih3XpX2X_14play_stockfish14convert_to_san
FN:10,_RNvCsfLmih3XpX2X_14play_stockfish20normalize_evaluation
FN:776,_RNvCsfLmih3XpX2X_14play_stockfish26calculate_centipawn_losses
FN:801,_RNvCsfLmih3XpX2X_14play_stockfish4main
FN:473,_RNvCsfLmih3XpX2X_14play_stockfish9play_game
FN:189,_RNvMCsfLmih3XpX2X_14play_stockfishNtB2_15StockfishPlayer12send_command
FN:219,_RNvMCsfLmih3XpX2X_14play_stockfishNtB2_15StockfishPlayer13get_best_move
FN:195,_RNvMCsfLmih3XpX2X_14play_stockfishNtB2_15StockfishPlayer14wait_for_uciok
FN:207,_RNvMCsfLmih3XpX2X_14play_stockfishNtB2_15StockfishPlayer16wait_for_readyok
FN:141,_RNvMCsfLmih3XpX2X_14play_stockfishNtB2_15StockfishPlayer3new
FN:335,_RNvMs0_CsfLmih3XpX2X_14play_stockfishNtB5_9GameState12generate_pgn
FN:318,_RNvMs0_CsfLmih3XpX2X_14play_stockfishNtB5_9GameState13current_board
FN:410,_RNvMs0_CsfLmih3XpX2X_14play_stockfishNtB5_9GameState20calculate_statistics
FN:331,_RNvMs0_CsfLmih3XpX2X_14play_stockfishNtB5_9GameState20is_chess_vector_turn
FN:309,_RNvMs0_CsfLmih3XpX2X_14play_stockfishNtB5_9GameState3new
FN:322,_RNvMs0_CsfLmih3XpX2X_14play_stockfishNtB5_9GameState9make_move
FN:283,_RNvXs_CsfLmih3XpX2X_14play_stockfishNtB4_15StockfishPlayerNtNtNtCs9sjCchOt1K7_4core3ops4drop4Drop4drop
FNDA:0,_RNCNvCsfLmih3XpX2X_14play_stockfish14convert_to_san0B3_
FNDA:0,_RNCNvCsfLmih3XpX2X_14play_stockfish14convert_to_sans_0B3_
FNDA:0,_RNCNvMCsfLmih3XpX2X_14play_stockfishNtB4_15StockfishPlayer3new0B4_
FNDA:0,_RNCNvMs0_CsfLmih3XpX2X_14play_stockfishNtB7_9GameState20calculate_statistics0B7_
FNDA:0,_RNCNvMs0_CsfLmih3XpX2X_14play_stockfishNtB7_9GameState20calculate_statisticss0_0B7_
FNDA:0,_RNCNvMs0_CsfLmih3XpX2X_14play_stockfishNtB7_9GameState20calculate_statisticss1_0B7_
FNDA:0,_RNCNvMs0_CsfLmih3XpX2X_14play_stockfishNtB7_9GameState20calculate_statisticss2_0B7_
FNDA:0,_RNCNvMs0_CsfLmih3XpX2X_14play_stockfishNtB7_9GameState20calculate_statisticss3_0B7_
FNDA:0,_RNCNvMs0_CsfLmih3XpX2X_14play_stockfishNtB7_9GameState20calculate_statisticss4_0B7_
FNDA:0,_RNCNvMs0_CsfLmih3XpX2X_14play_stockfishNtB7_9GameState20calculate_statisticss5_0B7_
FNDA:0,_RNCNvMs0_CsfLmih3XpX2X_14play_stockfishNtB7_9GameState20calculate_statisticss_0B7_
FNDA:0,_RNvCsfLmih3XpX2X_14play_stockfish14convert_to_san
FNDA:0,_RNvCsfLmih3XpX2X_14play_stockfish20normalize_evaluation
FNDA:0,_RNvCsfLmih3XpX2X_14play_stockfish26calculate_centipawn_losses
FNDA:0,_RNvCsfLmih3XpX2X_14play_stockfish4main
FNDA:0,_RNvCsfLmih3XpX2X_14play_stockfish9play_game
FNDA:0,_RNvMCsfLmih3XpX2X_14play_stockfishNtB2_15StockfishPlayer12send_command
FNDA:0,_RNvMCsfLmih3XpX2X_14play_stockfishNtB2_15StockfishPlayer13get_best_move
FNDA:0,_RNvMCsfLmih3XpX2X_14play_stockfishNtB2_15StockfishPlayer14wait_for_uciok
FNDA:0,_RNvMCsfLmih3XpX2X_14play_stockfishNtB2_15StockfishPlayer16wait_for_readyok
FNDA:0,_RNvMCsfLmih3XpX2X_14play_stockfishNtB2_15StockfishPlayer3new
FNDA:0,_RNvMs0_CsfLmih3XpX2X_14play_stockfishNtB5_9GameState12generate_pgn
FNDA:0,_RNvMs0_CsfLmih3XpX2X_14play_stockfishNtB5_9GameState13current_board
FNDA:0,_RNvMs0_CsfLmih3XpX2X_14play_stockfishNtB5_9GameState20calculate_statistics
FNDA:0,_RNvMs0_CsfLmih3XpX2X_14play_stockfishNtB5_9GameState20is_chess_vector_turn
FNDA:0,_RNvMs0_CsfLmih3XpX2X_14play_stockfishNtB5_9GameState3new
FNDA:0,_RNvMs0_CsfLmih3XpX2X_14play_stockfishNtB5_9GameState9make_move
FNDA:0,_RNvXs_CsfLmih3XpX2X_14play_stockfishNtB4_15StockfishPlayerNtNtNtCs9sjCchOt1K7_4core3ops4drop4Drop4drop
FNF:28
FNH:0
DA:10,0
DA:11,0
DA:12,0
DA:13,0
DA:14,0
DA:15,0
DA:16,0
DA:17,0
DA:18,0
DA:19,0
DA:20,0
DA:23,0
DA:24,0
DA:25,0
DA:26,0
DA:27,0
DA:28,0
DA:29,0
DA:30,0
DA:31,0
DA:32,0
DA:33,0
DA:34,0
DA:35,0
DA:36,0
DA:37,0
DA:38,0
DA:39,0
DA:40,0
DA:41,0
DA:42,0
DA:43,0
DA:44,0
DA:45,0
DA:46,0
DA:47,0
DA:48,0
DA:49,0
DA:51,0
DA:52,0
DA:53,0
DA:54,0
DA:55,0
DA:56,0
DA:57,0
DA:58,0
DA:59,0
DA:60,0
DA:61,0
DA:63,0
DA:66,0
DA:67,0
DA:68,0
DA:69,0
DA:70,0
DA:71,0
DA:72,0
DA:73,0
DA:74,0
DA:75,0
DA:76,0
DA:77,0
DA:78,0
DA:80,0
DA:81,0
DA:82,0
DA:83,0
DA:84,0
DA:85,0
DA:86,0
DA:87,0
DA:88,0
DA:89,0
DA:90,0
DA:93,0
DA:94,0
DA:96,0
DA:98,0
DA:99,0
DA:100,0
DA:101,0
DA:102,0
DA:105,0
DA:106,0
DA:109,0
DA:110,0
DA:111,0
DA:112,0
DA:113,0
DA:114,0
DA:115,0
DA:116,0
DA:118,0
DA:121,0
DA:122,0
DA:123,0
DA:124,0
DA:125,0
DA:127,0
DA:128,0
DA:141,0
DA:142,0
DA:143,0
DA:144,0
DA:145,0
DA:146,0
DA:147,0
DA:148,0
DA:149,0
DA:150,0
DA:151,0
DA:152,0
DA:154,0
DA:155,0
DA:156,0
DA:157,0
DA:158,0
DA:160,0
DA:161,0
DA:162,0
DA:163,0
DA:164,0
DA:167,0
DA:168,0
DA:169,0
DA:170,0
DA:171,0
DA:172,0
DA:173,0
DA:174,0
DA:175,0
DA:176,0
DA:177,0
DA:178,0
DA:179,0
DA:180,0
DA:181,0
DA:182,0
DA:184,0
DA:185,0
DA:186,0
DA:187,0
DA:189,0
DA:190,0
DA:191,0
DA:192,0
DA:193,0
DA:195,0
DA:196,0
DA:198,0
DA:199,0
DA:200,0
DA:201,0
DA:202,0
DA:204,0
DA:205,0
DA:207,0
DA:208,0
DA:210,0
DA:211,0
DA:212,0
DA:213,0
DA:214,0
DA:216,0
DA:217,0
DA:219,0
DA:220,0
DA:221,0
DA:222,0
DA:223,0
DA:224,0
DA:225,0
DA:226,0
DA:229,0
DA:231,0
DA:232,0
DA:233,0
DA:236,0
DA:237,0
DA:238,0
DA:239,0
DA:240,0
DA:242,0
DA:243,0
DA:244,0
DA:245,0
DA:246,0
DA:247,0
DA:248,0
DA:249,0
DA:250,0
DA:251,0
DA:252,0
DA:253,0
DA:254,0
DA:255,0
DA:256,0
DA:257,0
DA:258,0
DA:259,0
DA:260,0
DA:263,0
DA:264,0
DA:265,0
DA:266,0
DA:267,0
DA:268,0
DA:269,0
DA:270,0
DA:271,0
DA:272,0
DA:275,0
DA:276,0
DA:277,0
DA:279,0
DA:283,0
DA:284,0
DA:285,0
DA:286,0
DA:309,0
DA:310,0
DA:311,0
DA:312,0
DA:313,0
DA:314,0
DA:315,0
DA:316,0
DA:318,0
DA:319,0
DA:320,0
DA:322,0
DA:323,0
DA:324,0
DA:325,0
DA:327,0
DA:329,0
DA:331,0
DA:332,0
DA:333,0
DA:335,0
DA:336,0
DA:337,0
DA:338,0
DA:339,0
DA:340,0
DA:341,0
DA:342,0
DA:343,0
DA:344,0
DA:345,0
DA:346,0
DA:347,0
DA:348,0
DA:349,0
DA:350,0
DA:351,0
DA:352,0
DA:353,0
DA:354,0
DA:355,0
DA:359,0
DA:360,0
DA:361,0
DA:362,0
DA:363,0
DA:364,0
DA:365,0
DA:366,0
DA:367,0
DA:369,0
DA:370,0
DA:371,0
DA:372,0
DA:373,0
DA:375,0
DA:376,0
DA:377,0
DA:378,0
DA:381,0
DA:382,0
DA:383,0
DA:384,0
DA:385,0
DA:386,0
DA:387,0
DA:388,0
DA:389,0
DA:390,0
DA:391,0
DA:392,0
DA:395,0
DA:396,0
DA:397,0
DA:398,0
DA:399,0
DA:400,0
DA:401,0
DA:402,0
DA:403,0
DA:406,0
DA:407,0
DA:408,0
DA:410,0
DA:411,0
DA:412,0
DA:413,0
DA:414,0
DA:415,0
DA:416,0
DA:417,0
DA:419,0
DA:421,0
DA:422,0
DA:423,0
DA:424,0
DA:425,0
DA:426,0
DA:427,0
DA:428,0
DA:429,0
DA:430,0
DA:431,0
DA:432,0
DA:434,0
DA:436,0
DA:437,0
DA:438,0
DA:439,0
DA:440,0
DA:441,0
DA:442,0
DA:443,0
DA:444,0
DA:445,0
DA:446,0
DA:447,0
DA:448,0
DA:450,0
DA:453,0
DA:454,0
DA:455,0
DA:456,0
DA:457,0
DA:458,0
DA:459,0
DA:461,0
DA:464,0
DA:465,0
DA:466,0
DA:467,0
DA:468,0
DA:469,0
DA:470,0
DA:473,0
DA:474,0
DA:475,0
DA:476,0
DA:477,0
DA:478,0
DA:479,0
DA:480,0
DA:481,0
DA:482,0
DA:483,0
DA:485,0
DA:488,0
DA:489,0
DA:490,0
DA:491,0
DA:492,0
DA:493,0
DA:494,0
DA:495,0
DA:496,0
DA:497,0
DA:498,0
DA:499,0
DA:500,0
DA:501,0
DA:502,0
DA:503,0
DA:504,0
DA:505,0
DA:506,0
DA:510,0
DA:511,0
DA:512,0
DA:513,0
DA:514,0
DA:515,0
DA:516,0
DA:517,0
DA:518,0
DA:519,0
DA:520,0
DA:521,0
DA:522,0
DA:523,0
DA:524,0
DA:525,0
DA:526,0
DA:527,0
DA:528,0
DA:529,0
DA:530,0
DA:531,0
DA:532,0
DA:533,0
DA:534,0
DA:535,0
DA:536,0
DA:537,0
DA:538,0
DA:539,0
DA:540,0
DA:541,0
DA:542,0
DA:543,0
DA:544,0
DA:545,0
DA:546,0
DA:547,0
DA:550,0
DA:551,0
DA:552,0
DA:553,0
DA:554,0
DA:556,0
DA:557,0
DA:558,0
DA:559,0
DA:561,0
DA:564,0
DA:567,0
DA:568,0
DA:569,0
DA:570,0
DA:571,0
DA:572,0
DA:573,0
DA:575,0
DA:576,0
DA:578,0
DA:581,0
DA:582,0
DA:584,0
DA:585,0
DA:587,0
DA:590,0
DA:594,0
DA:595,0
DA:596,0
DA:597,0
DA:598,0
DA:599,0
DA:600,0
DA:602,0
DA:603,0
DA:604,0
DA:605,0
DA:606,0
DA:608,0
DA:611,0
DA:612,0
DA:613,0
DA:614,0
DA:615,0
DA:616,0
DA:617,0
DA:618,0
DA:619,0
DA:620,0
DA:621,0
DA:623,0
DA:627,0
DA:628,0
DA:629,0
DA:630,0
DA:633,0
DA:634,0
DA:635,0
DA:637,0
DA:640,0
DA:644,0
DA:645,0
DA:646,0
DA:647,0
DA:648,0
DA:649,0
DA:650,0
DA:651,0
DA:652,0
DA:653,0
DA:654,0
DA:655,0
DA:656,0
DA:657,0
DA:658,0
DA:659,0
DA:660,0
DA:661,0
DA:662,0
DA:663,0
DA:664,0
DA:665,0
DA:666,0
DA:667,0
DA:668,0
DA:669,0
DA:670,0
DA:671,0
DA:672,0
DA:673,0
DA:674,0
DA:675,0
DA:676,0
DA:677,0
DA:678,0
DA:679,0
DA:680,0
DA:681,0
DA:682,0
DA:683,0
DA:684,0
DA:685,0
DA:686,0
DA:687,0
DA:689,0
DA:692,0
DA:693,0
DA:694,0
DA:695,0
DA:696,0
DA:701,0
DA:702,0
DA:704,0
DA:707,0
DA:708,0
DA:709,0
DA:710,0
DA:711,0
DA:712,0
DA:713,0
DA:714,0
DA:715,0
DA:716,0
DA:717,0
DA:718,0
DA:719,0
DA:720,0
DA:721,0
DA:722,0
DA:725,0
DA:726,0
DA:727,0
DA:728,0
DA:729,0
DA:730,0
DA:731,0
DA:735,0
DA:736,0
DA:737,0
DA:738,0
DA:739,0
DA:740,0
DA:741,0
DA:742,0
DA:743,0
DA:744,0
DA:745,0
DA:746,0
DA:747,0
DA:751,0
DA:752,0
DA:753,0
DA:754,0
DA:755,0
DA:756,0
DA:757,0
DA:758,0
DA:759,0
DA:760,0
DA:761,0
DA:762,0
DA:763,0
DA:764,0
DA:765,0
DA:766,0
DA:767,0
DA:768,0
DA:769,0
DA:770,0
DA:771,0
DA:772,0
DA:773,0
DA:774,0
DA:776,0
DA:777,0
DA:778,0
DA:779,0
DA:780,0
DA:785,0
DA:788,0
DA:792,0
DA:796,0
DA:797,0
DA:799,0
DA:801,0
DA:802,0
DA:803,0
DA:804,0
DA:805,0
DA:806,0
DA:807,0
DA:808,0
DA:809,0
DA:810,0
DA:811,0
DA:812,0
DA:813,0
DA:814,0
DA:815,0
DA:816,0
DA:817,0
DA:818,0
DA:819,0
DA:820,0
DA:821,0
DA:822,0
DA:823,0
DA:824,0
DA:825,0
DA:826,0
DA:827,0
DA:828,0
DA:829,0
DA:830,0
DA:831,0
DA:832,0
DA:833,0
DA:834,0
DA:835,0
DA:836,0
DA:837,0
DA:838,0
DA:839,0
DA:840,0
DA:841,0
DA:842,0
DA:843,0
DA:844,0
DA:845,0
DA:846,0
DA:847,0
DA:850,0
DA:851,0
DA:852,0
DA:853,0
DA:854,0
DA:855,0
DA:856,0
DA:858,0
DA:859,0
DA:860,0
DA:861,0
DA:862,0
DA:866,0
DA:867,0
DA:868,0
DA:869,0
DA:870,0
DA:871,0
DA:872,0
BRF:0
BRH:0
LF:688
LH:0
end_of_record
SF:/home/justin/Projects/chess-vector-engine/src/bin/play_stockfish_safe.rs
FN:72,_RNCNvCsbu9FXuro4rQ_19play_stockfish_safe14convert_to_san0B3_
FN:84,_RNCNvCsbu9FXuro4rQ_19play_stockfish_safe14convert_to_sans_0B3_
FN:149,_RNCNvMCsbu9FXuro4rQ_19play_stockfish_safeNtB4_15StockfishPlayer3new0B4_
FN:417,_RNCNvMs0_Csbu9FXuro4rQ_19play_stockfish_safeNtB7_9GameState20calculate_statistics0B7_
FN:432,_RNCNvMs0_Csbu9FXuro4rQ_19play_stockfish_safeNtB7_9GameState20calculate_statisticss0_0B7_
FN:440,_RNCNvMs0_Csbu9FXuro4rQ_19play_stockfish_safeNtB7_9GameState20calculate_statisticss1_0B7_
FN:444,_RNCNvMs0_Csbu9FXuro4rQ_19play_stockfish_safeNtB7_9GameState20calculate_statisticss2_0B7_
FN:447,_RNCNvMs0_Csbu9FXuro4rQ_19play_stockfish_safeNtB7_9GameState20calculate_statisticss3_0B7_
FN:455,_RNCNvMs0_Csbu9FXuro4rQ_19play_stockfish_safeNtB7_9GameState20calculate_statisticss4_0B7_
FN:458,_RNCNvMs0_Csbu9FXuro4rQ_19play_stockfish_safeNtB7_9GameState20calculate_statisticss5_0B7_
FN:425,_RNCNvMs0_Csbu9FXuro4rQ_19play_stockfish_safeNtB7_9GameState20calculate_statisticss_0B7_
FN:25,_RNvCsbu9FXuro4rQ_19play_stockfish_safe14convert_to_san
FN:12,_RNvCsbu9FXuro4rQ_19play_stockfish_safe20normalize_evaluation
FN:716,_RNvCsbu9FXuro4rQ_19play_stockfish_safe26calculate_centipawn_losses
FN:741,_RNvCsbu9FXuro4rQ_19play_stockfish_safe4main
FN:475,_RNvCsbu9FXuro4rQ_19play_stockfish_safe9play_game
FN:191,_RNvMCsbu9FXuro4rQ_19play_stockfish_safeNtB2_15StockfishPlayer12send_command
FN:221,_RNvMCsbu9FXuro4rQ_19play_stockfish_safeNtB2_15StockfishPlayer13get_best_move
FN:197,_RNvMCsbu9FXuro4rQ_19play_stockfish_safeNtB2_15StockfishPlayer14wait_for_uciok
FN:209,_RNvMCsbu9FXuro4rQ_19play_stockfish_safeNtB2_15StockfishPlayer16wait_for_readyok
FN:143,_RNvMCsbu9FXuro4rQ_19play_stockfish_safeNtB2_15StockfishPlayer3new
FN:337,_RNvMs0_Csbu9FXuro4rQ_19play_stockfish_safeNtB5_9GameState12generate_pgn
FN:320,_RNvMs0_Csbu9FXuro4rQ_19play_stockfish_safeNtB5_9GameState13current_board
FN:412,_RNvMs0_Csbu9FXuro4rQ_19play_stockfish_safeNtB5_9GameState20calculate_statistics
FN:333,_RNvMs0_Csbu9FXuro4rQ_19play_stockfish_safeNtB5_9GameState20is_chess_vector_turn
FN:311,_RNvMs0_Csbu9FXuro4rQ_19play_stockfish_safeNtB5_9GameState3new
FN:324,_RNvMs0_Csbu9FXuro4rQ_19play_stockfish_safeNtB5_9GameState9make_move
FN:285,_RNvXs_Csbu9FXuro4rQ_19play_stockfish_safeNtB4_15StockfishPlayerNtNtNtCs9sjCchOt1K7_4core3ops4drop4Drop4drop
FNDA:0,_RNCNvCsbu9FXuro4rQ_19play_stockfish_safe14convert_to_san0B3_
FNDA:0,_RNCNvCsbu9FXuro4rQ_19play_stockfish_safe14convert_to_sans_0B3_
FNDA:0,_RNCNvMCsbu9FXuro4rQ_19play_stockfish_safeNtB4_15StockfishPlayer3new0B4_
FNDA:0,_RNCNvMs0_Csbu9FXuro4rQ_19play_stockfish_safeNtB7_9GameState20calculate_statistics0B7_
FNDA:0,_RNCNvMs0_Csbu9FXuro4rQ_19play_stockfish_safeNtB7_9GameState20calculate_statisticss0_0B7_
FNDA:0,_RNCNvMs0_Csbu9FXuro4rQ_19play_stockfish_safeNtB7_9GameState20calculate_statisticss1_0B7_
FNDA:0,_RNCNvMs0_Csbu9FXuro4rQ_19play_stockfish_safeNtB7_9GameState20calculate_statisticss2_0B7_
FNDA:0,_RNCNvMs0_Csbu9FXuro4rQ_19play_stockfish_safeNtB7_9GameState20calculate_statisticss3_0B7_
FNDA:0,_RNCNvMs0_Csbu9FXuro4rQ_19play_stockfish_safeNtB7_9GameState20calculate_statisticss4_0B7_
FNDA:0,_RNCNvMs0_Csbu9FXuro4rQ_19play_stockfish_safeNtB7_9GameState20calculate_statisticss5_0B7_
FNDA:0,_RNCNvMs0_Csbu9FXuro4rQ_19play_stockfish_safeNtB7_9GameState20calculate_statisticss_0B7_
FNDA:0,_RNvCsbu9FXuro4rQ_19play_stockfish_safe14convert_to_san
FNDA:0,_RNvCsbu9FXuro4rQ_19play_stockfish_safe20normalize_evaluation
FNDA:0,_RNvCsbu9FXuro4rQ_19play_stockfish_safe26calculate_centipawn_losses
FNDA:0,_RNvCsbu9FXuro4rQ_19play_stockfish_safe4main
FNDA:0,_RNvCsbu9FXuro4rQ_19play_stockfish_safe9play_game
FNDA:0,_RNvMCsbu9FXuro4rQ_19play_stockfish_safeNtB2_15StockfishPlayer12send_command
FNDA:0,_RNvMCsbu9FXuro4rQ_19play_stockfish_safeNtB2_15StockfishPlayer13get_best_move
FNDA:0,_RNvMCsbu9FXuro4rQ_19play_stockfish_safeNtB2_15StockfishPlayer14wait_for_uciok
FNDA:0,_RNvMCsbu9FXuro4rQ_19play_stockfish_safeNtB2_15StockfishPlayer16wait_for_readyok
FNDA:0,_RNvMCsbu9FXuro4rQ_19play_stockfish_safeNtB2_15StockfishPlayer3new
FNDA:0,_RNvMs0_Csbu9FXuro4rQ_19play_stockfish_safeNtB5_9GameState12generate_pgn
FNDA:0,_RNvMs0_Csbu9FXuro4rQ_19play_stockfish_safeNtB5_9GameState13current_board
FNDA:0,_RNvMs0_Csbu9FXuro4rQ_19play_stockfish_safeNtB5_9GameState20calculate_statistics
FNDA:0,_RNvMs0_Csbu9FXuro4rQ_19play_stockfish_safeNtB5_9GameState20is_chess_vector_turn
FNDA:0,_RNvMs0_Csbu9FXuro4rQ_19play_stockfish_safeNtB5_9GameState3new
FNDA:0,_RNvMs0_Csbu9FXuro4rQ_19play_stockfish_safeNtB5_9GameState9make_move
FNDA:0,_RNvXs_Csbu9FXuro4rQ_19play_stockfish_safeNtB4_15StockfishPlayerNtNtNtCs9sjCchOt1K7_4core3ops4drop4Drop4drop
FNF:28
FNH:0
DA:12,0
DA:13,0
DA:14,0
DA:15,0
DA:16,0
DA:17,0
DA:18,0
DA:19,0
DA:20,0
DA:21,0
DA:22,0
DA:25,0
DA:26,0
DA:27,0
DA:28,0
DA:29,0
DA:30,0
DA:31,0
DA:32,0
DA:33,0
DA:34,0
DA:35,0
DA:36,0
DA:37,0
DA:38,0
DA:39,0
DA:40,0
DA:41,0
DA:42,0
DA:43,0
DA:44,0
DA:45,0
DA:46,0
DA:47,0
DA:48,0
DA:49,0
DA:50,0
DA:51,0
DA:53,0
DA:54,0
DA:55,0
DA:56,0
DA:57,0
DA:58,0
DA:59,0
DA:60,0
DA:61,0
DA:62,0
DA:63,0
DA:65,0
DA:68,0
DA:69,0
DA:70,0
DA:71,0
DA:72,0
DA:73,0
DA:74,0
DA:75,0
DA:76,0
DA:77,0
DA:78,0
DA:79,0
DA:80,0
DA:82,0
DA:83,0
DA:84,0
DA:85,0
DA:86,0
DA:87,0
DA:88,0
DA:89,0
DA:90,0
DA:91,0
DA:92,0
DA:95,0
DA:96,0
DA:98,0
DA:100,0
DA:101,0
DA:102,0
DA:103,0
DA:104,0
DA:107,0
DA:108,0
DA:111,0
DA:112,0
DA:113,0
DA:114,0
DA:115,0
DA:116,0
DA:117,0
DA:118,0
DA:120,0
DA:123,0
DA:124,0
DA:125,0
DA:126,0
DA:127,0
DA:129,0
DA:130,0
DA:143,0
DA:144,0
DA:145,0
DA:146,0
DA:147,0
DA:148,0
DA:149,0
DA:150,0
DA:151,0
DA:152,0
DA:153,0
DA:154,0
DA:156,0
DA:157,0
DA:158,0
DA:159,0
DA:160,0
DA:162,0
DA:163,0
DA:164,0
DA:165,0
DA:166,0
DA:169,0
DA:170,0
DA:171,0
DA:172,0
DA:173,0
DA:174,0
DA:175,0
DA:176,0
DA:177,0
DA:178,0
DA:179,0
DA:180,0
DA:181,0
DA:182,0
DA:183,0
DA:184,0
DA:186,0
DA:187,0
DA:188,0
DA:189,0
DA:191,0
DA:192,0
DA:193,0
DA:194,0
DA:195,0
DA:197,0
DA:198,0
DA:200,0
DA:201,0
DA:202,0
DA:203,0
DA:204,0
DA:206,0
DA:207,0
DA:209,0
DA:210,0
DA:212,0
DA:213,0
DA:214,0
DA:215,0
DA:216,0
DA:218,0
DA:219,0
DA:221,0
DA:222,0
DA:223,0
DA:224,0
DA:225,0
DA:226,0
DA:227,0
DA:228,0
DA:231,0
DA:233,0
DA:234,0
DA:235,0
DA:238,0
DA:239,0
DA:240,0
DA:241,0
DA:242,0
DA:244,0
DA:245,0
DA:246,0
DA:247,0
DA:248,0
DA:249,0
DA:250,0
DA:251,0
DA:252,0
DA:253,0
DA:254,0
DA:255,0
DA:256,0
DA:257,0
DA:258,0
DA:259,0
DA:260,0
DA:261,0
DA:262,0
DA:265,0
DA:266,0
DA:267,0
DA:268,0
DA:269,0
DA:270,0
DA:271,0
DA:272,0
DA:273,0
DA:274,0
DA:277,0
DA:278,0
DA:279,0
DA:281,0
DA:285,0
DA:286,0
DA:287,0
DA:288,0
DA:311,0
DA:312,0
DA:313,0
DA:314,0
DA:315,0
DA:316,0
DA:317,0
DA:318,0
DA:320,0
DA:321,0
DA:322,0
DA:324,0
DA:325,0
DA:326,0
DA:327,0
DA:329,0
DA:331,0
DA:333,0
DA:334,0
DA:335,0
DA:337,0
DA:338,0
DA:339,0
DA:340,0
DA:341,0
DA:342,0
DA:343,0
DA:344,0
DA:345,0
DA:346,0
DA:347,0
DA:348,0
DA:349,0
DA:350,0
DA:351,0
DA:352,0
DA:353,0
DA:354,0
DA:355,0
DA:356,0
DA:357,0
DA:361,0
DA:362,0
DA:363,0
DA:364,0
DA:365,0
DA:366,0
DA:367,0
DA:368,0
DA:369,0
DA:371,0
DA:372,0
DA:373,0
DA:374,0
DA:375,0
DA:377,0
DA:378,0
DA:379,0
DA:380,0
DA:383,0
DA:384,0
DA:385,0
DA:386,0
DA:387,0
DA:388,0
DA:389,0
DA:390,0
DA:391,0
DA:392,0
DA:393,0
DA:394,0
DA:397,0
DA:398,0
DA:399,0
DA:400,0
DA:401,0
DA:402,0
DA:403,0
DA:404,0
DA:405,0
DA:408,0
DA:409,0
DA:410,0
DA:412,0
DA:413,0
DA:414,0
DA:415,0
DA:416,0
DA:417,0
DA:418,0
DA:419,0
DA:421,0
DA:423,0
DA:424,0
DA:425,0
DA:426,0
DA:427,0
DA:428,0
DA:429,0
DA:430,0
DA:431,0
DA:432,0
DA:433,0
DA:434,0
DA:436,0
DA:438,0
DA:439,0
DA:440,0
DA:441,0
DA:442,0
DA:443,0
DA:444,0
DA:445,0
DA:446,0
DA:447,0
DA:448,0
DA:449,0
DA:450,0
DA:452,0
DA:455,0
DA:456,0
DA:457,0
DA:458,0
DA:459,0
DA:460,0
DA:461,0
DA:463,0
DA:466,0
DA:467,0
DA:468,0
DA:469,0
DA:470,0
DA:471,0
DA:472,0
DA:475,0
DA:476,0
DA:477,0
DA:478,0
DA:479,0
DA:480,0
DA:481,0
DA:482,0
DA:483,0
DA:484,0
DA:485,0
DA:487,0
DA:490,0
DA:491,0
DA:492,0
DA:493,0
DA:494,0
DA:495,0
DA:496,0
DA:497,0
DA:498,0
DA:499,0
DA:500,0
DA:501,0
DA:502,0
DA:503,0
DA:504,0
DA:505,0
DA:506,0
DA:507,0
DA:511,0
DA:512,0
DA:513,0
DA:514,0
DA:515,0
DA:516,0
DA:517,0
DA:518,0
DA:519,0
DA:520,0
DA:521,0
DA:522,0
DA:523,0
DA:524,0
DA:525,0
DA:526,0
DA:527,0
DA:528,0
DA:529,0
DA:530,0
DA:531,0
DA:532,0
DA:533,0
DA:534,0
DA:535,0
DA:536,0
DA:537,0
DA:538,0
DA:539,0
DA:540,0
DA:541,0
DA:542,0
DA:543,0
DA:544,0
DA:545,0
DA:546,0
DA:547,0
DA:548,0
DA:550,0
DA:551,0
DA:552,0
DA:553,0
DA:554,0
DA:555,0
DA:556,0
DA:558,0
DA:561,0
DA:562,0
DA:563,0
DA:564,0
DA:565,0
DA:566,0
DA:567,0
DA:568,0
DA:569,0
DA:570,0
DA:571,0
DA:573,0
DA:577,0
DA:578,0
DA:579,0
DA:580,0
DA:583,0
DA:584,0
DA:585,0
DA:587,0
DA:589,0
DA:593,0
DA:594,0
DA:595,0
DA:596,0
DA:597,0
DA:598,0
DA:599,0
DA:600,0
DA:601,0
DA:602,0
DA:603,0
DA:604,0
DA:605,0
DA:606,0
DA:607,0
DA:608,0
DA:609,0
DA:610,0
DA:611,0
DA:612,0
DA:613,0
DA:614,0
DA:615,0
DA:616,0
DA:617,0
DA:618,0
DA:619,0
DA:620,0
DA:621,0
DA:622,0
DA:623,0
DA:624,0
DA:625,0
DA:626,0
DA:627,0
DA:628,0
DA:629,0
DA:630,0
DA:631,0
DA:632,0
DA:633,0
DA:634,0
DA:635,0
DA:636,0
DA:638,0
DA:641,0
DA:642,0
DA:643,0
DA:644,0
DA:645,0
DA:646,0
DA:647,0
DA:648,0
DA:649,0
DA:650,0
DA:651,0
DA:652,0
DA:653,0
DA:654,0
DA:655,0
DA:656,0
DA:657,0
DA:658,0
DA:659,0
DA:660,0
DA:661,0
DA:662,0
DA:665,0
DA:666,0
DA:667,0
DA:668,0
DA:669,0
DA:670,0
DA:671,0
DA:675,0
DA:676,0
DA:677,0
DA:678,0
DA:679,0
DA:680,0
DA:681,0
DA:682,0
DA:683,0
DA:684,0
DA:685,0
DA:686,0
DA:687,0
DA:691,0
DA:692,0
DA:693,0
DA:694,0
DA:695,0
DA:696,0
DA:697,0
DA:698,0
DA:699,0
DA:700,0
DA:701,0
DA:702,0
DA:703,0
DA:704,0
DA:705,0
DA:706,0
DA:707,0
DA:708,0
DA:709,0
DA:710,0
DA:711,0
DA:712,0
DA:713,0
DA:714,0
DA:716,0
DA:717,0
DA:718,0
DA:719,0
DA:720,0
DA:725,0
DA:728,0
DA:732,0
DA:736,0
DA:737,0
DA:739,0
DA:741,0
DA:742,0
DA:743,0
DA:744,0
DA:745,0
DA:746,0
DA:747,0
DA:748,0
DA:749,0
DA:750,0
DA:751,0
DA:752,0
DA:753,0
DA:754,0
DA:755,0
DA:756,0
DA:757,0
DA:758,0
DA:759,0
DA:760,0
DA:761,0
DA:762,0
DA:763,0
DA:764,0
DA:765,0
DA:766,0
DA:767,0
DA:768,0
DA:769,0
DA:770,0
DA:771,0
DA:772,0
DA:773,0
DA:774,0
DA:775,0
DA:776,0
DA:777,0
DA:778,0
DA:779,0
DA:780,0
DA:781,0
DA:782,0
DA:783,0
DA:784,0
DA:785,0
DA:786,0
DA:787,0
DA:790,0
DA:791,0
DA:792,0
DA:793,0
DA:794,0
DA:795,0
DA:796,0
DA:798,0
DA:799,0
DA:800,0
DA:801,0
DA:802,0
DA:806,0
DA:807,0
DA:808,0
DA:809,0
DA:810,0
DA:811,0
DA:812,0
BRF:0
BRH:0
LF:653
LH:0
end_of_record
SF:/home/justin/Projects/chess-vector-engine/src/bin/uci_engine.rs
FN:37,_RNvCs6PYzrepGTo6_10uci_engine4main
FNDA:0,_RNvCs6PYzrepGTo6_10uci_engine4main
FNF:1
FNH:0
DA:37,0
DA:38,0
DA:39,0
BRF:0
BRH:0
LF:3
LH:0
end_of_record
SF:/home/justin/Projects/chess-vector-engine/src/features.rs
FN:82,_RNCNvMNtCsh06HHTBymxI_19chess_vector_engine8featuresNtB4_15FeatureRegistry21get_features_for_tier0B6_
FN:83,_RNCNvMNtCsh06HHTBymxI_19chess_vector_engine8featuresNtB4_15FeatureRegistry21get_features_for_tiers_0B6_
FN:79,_RNvMNtCsh06HHTBymxI_19chess_vector_engine8featuresNtB2_15FeatureRegistry21get_features_for_tier
FN:121,_RNvMs_NtCsh06HHTBymxI_19chess_vector_engine8featuresNtB4_14FeatureChecker15require_feature
FN:125,_RNvMs_NtCsh06HHTBymxI_19chess_vector_engine8featuresNtB4_14FeatureChecker16get_current_tier
FN:146,_RNvXs0_NtCsh06HHTBymxI_19chess_vector_engine8featuresNtB5_12FeatureErrorNtNtCs9sjCchOt1K7_4core3fmt7Display3fmt
FN:198,_RNvXs2_NtCsh06HHTBymxI_19chess_vector_engine8featuresNtB5_15FeatureRegistryNtNtCs9sjCchOt1K7_4core7default7Default7default
FN:204,_RNvXs3_NtCsh06HHTBymxI_19chess_vector_engine8featuresNtB5_14FeatureCheckerNtNtCs9sjCchOt1K7_4core7default7Default7default
FN:237,_RNvNtNtCsh06HHTBymxI_19chess_vector_engine8features5testss_16test_tier_access
FN:257,_RNvNtNtCsh06HHTBymxI_19chess_vector_engine8features5testss_20test_feature_checker
FN:214,_RNvNtNtCsh06HHTBymxI_19chess_vector_engine8features5testss_21test_feature_registry
FN:274,_RNvNtNtCsh06HHTBymxI_19chess_vector_engine8features5testss_27test_feature_error_messages
FN:69,_RNvMNtCsh06HHTBymxI_19chess_vector_engine8featuresNtB2_15FeatureRegistry13tier_includes
FN:57,_RNvMNtCsh06HHTBymxI_19chess_vector_engine8featuresNtB2_15FeatureRegistry16get_feature_tier
FN:61,_RNvMNtCsh06HHTBymxI_19chess_vector_engine8featuresNtB2_15FeatureRegistry20is_feature_available
FN:20,_RNvMNtCsh06HHTBymxI_19chess_vector_engine8featuresNtB2_15FeatureRegistry3new
FN:129,_RNvMs_NtCsh06HHTBymxI_19chess_vector_engine8featuresNtB4_14FeatureChecker12upgrade_tier
FN:103,_RNvMs_NtCsh06HHTBymxI_19chess_vector_engine8featuresNtB4_14FeatureChecker13check_feature
FN:96,_RNvMs_NtCsh06HHTBymxI_19chess_vector_engine8featuresNtB4_14FeatureChecker3new
FNDA:0,_RNCNvMNtCsh06HHTBymxI_19chess_vector_engine8featuresNtB4_15FeatureRegistry21get_features_for_tier0B6_
FNDA:0,_RNCNvMNtCsh06HHTBymxI_19chess_vector_engine8featuresNtB4_15FeatureRegistry21get_features_for_tiers_0B6_
FNDA:0,_RNvMNtCsh06HHTBymxI_19chess_vector_engine8featuresNtB2_15FeatureRegistry21get_features_for_tier
FNDA:0,_RNvMs_NtCsh06HHTBymxI_19chess_vector_engine8featuresNtB4_14FeatureChecker15require_feature
FNDA:0,_RNvMs_NtCsh06HHTBymxI_19chess_vector_engine8featuresNtB4_14FeatureChecker16get_current_tier
FNDA:0,_RNvXs0_NtCsh06HHTBymxI_19chess_vector_engine8featuresNtB5_12FeatureErrorNtNtCs9sjCchOt1K7_4core3fmt7Display3fmt
FNDA:0,_RNvXs2_NtCsh06HHTBymxI_19chess_vector_engine8featuresNtB5_15FeatureRegistryNtNtCs9sjCchOt1K7_4core7default7Default7default
FNDA:0,_RNvXs3_NtCsh06HHTBymxI_19chess_vector_engine8featuresNtB5_14FeatureCheckerNtNtCs9sjCchOt1K7_4core7default7Default7default
FNDA:1,_RNvNtNtCsh06HHTBymxI_19chess_vector_engine8features5testss_16test_tier_access
FNDA:1,_RNvNtNtCsh06HHTBymxI_19chess_vector_engine8features5testss_20test_feature_checker
FNDA:1,_RNvNtNtCsh06HHTBymxI_19chess_vector_engine8features5testss_21test_feature_registry
FNDA:1,_RNvNtNtCsh06HHTBymxI_19chess_vector_engine8features5testss_27test_feature_error_messages
FNDA:13,_RNvMNtCsh06HHTBymxI_19chess_vector_engine8featuresNtB2_15FeatureRegistry13tier_includes
FNDA:20,_RNvMNtCsh06HHTBymxI_19chess_vector_engine8featuresNtB2_15FeatureRegistry16get_feature_tier
FNDA:14,_RNvMNtCsh06HHTBymxI_19chess_vector_engine8featuresNtB2_15FeatureRegistry20is_feature_available
FNDA:41,_RNvMNtCsh06HHTBymxI_19chess_vector_engine8featuresNtB2_15FeatureRegistry3new
FNDA:1,_RNvMs_NtCsh06HHTBymxI_19chess_vector_engine8featuresNtB4_14FeatureChecker12upgrade_tier
FNDA:5,_RNvMs_NtCsh06HHTBymxI_19chess_vector_engine8featuresNtB4_14FeatureChecker13check_feature
FNDA:39,_RNvMs_NtCsh06HHTBymxI_19chess_vector_engine8featuresNtB4_14FeatureChecker3new
FNF:19
FNH:11
DA:20,41
DA:21,41
DA:22,41
DA:23,41
DA:24,41
DA:25,41
DA:26,41
DA:27,41
DA:28,41
DA:29,41
DA:30,41
DA:31,41
DA:32,41
DA:33,41
DA:34,41
DA:35,41
DA:36,41
DA:37,41
DA:38,41
DA:39,41
DA:40,41
DA:41,41
DA:42,41
DA:43,41
DA:44,41
DA:45,41
DA:46,41
DA:47,41
DA:48,41
DA:49,41
DA:50,41
DA:51,41
DA:52,41
DA:53,41
DA:54,41
DA:55,41
DA:57,20
DA:58,20
DA:59,20
DA:61,14
DA:62,14
DA:63,13
DA:64,1
DA:66,14
DA:69,13
DA:70,13
DA:71,2
DA:72,1
DA:73,2
DA:74,3
DA:75,5
DA:77,13
DA:79,0
DA:80,0
DA:81,0
DA:82,0
DA:83,0
DA:84,0
DA:85,0
DA:96,39
DA:97,39
DA:98,39
DA:99,39
DA:100,39
DA:101,39
DA:103,5
DA:104,5
DA:105,5
DA:106,5
DA:108,2
DA:110,3
DA:111,2
DA:112,2
DA:113,2
DA:114,2
DA:115,2
DA:116,1
DA:119,5
DA:121,0
DA:122,0
DA:123,0
DA:125,0
DA:126,0
DA:127,0
DA:129,1
DA:130,1
DA:131,1
DA:146,0
DA:147,0
DA:149,0
DA:150,0
DA:151,0
DA:152,0
DA:153,0
DA:154,0
DA:155,0
DA:156,0
DA:157,0
DA:159,0
DA:160,0
DA:163,0
DA:198,0
DA:199,0
DA:200,0
DA:204,0
DA:205,0
DA:206,0
DA:214,1
DA:215,1
DA:216,1
DA:217,1
DA:218,1
DA:219,1
DA:220,1
DA:221,1
DA:224,1
DA:225,1
DA:226,1
DA:227,1
DA:230,1
DA:231,1
DA:232,1
DA:233,1
DA:234,1
DA:237,1
DA:238,1
DA:239,1
DA:240,1
DA:241,1
DA:242,1
DA:243,1
DA:246,1
DA:247,1
DA:248,1
DA:251,1
DA:252,1
DA:253,1
DA:254,1
DA:257,1
DA:258,1
DA:259,1
DA:260,1
DA:261,1
DA:264,1
DA:267,1
DA:268,1
DA:269,1
DA:270,1
DA:271,1
DA:274,1
DA:275,1
DA:276,1
DA:277,1
DA:279,1
DA:280,1
DA:281,1
DA:282,1
DA:283,1
DA:284,1
DA:285,1
DA:287,0
DA:290,1
DA:291,1
DA:292,1
DA:294,0
DA:296,1
BRF:0
BRH:0
LF:168
LH:131
end_of_record
SF:/home/justin/Projects/chess-vector-engine/src/gpu_acceleration.rs
FN:29,_RNCNCNvMNtCsh06HHTBymxI_19chess_vector_engine16gpu_accelerationNtB6_14GPUAccelerator6global00B8_
FN:228,_RNCNvMNtCsh06HHTBymxI_19chess_vector_engine16gpu_accelerationNtB4_14GPUAccelerator16tensor_to_array20B6_
FN:28,_RNCNvMNtCsh06HHTBymxI_19chess_vector_engine16gpu_accelerationNtB4_14GPUAccelerator6global0B6_
FN:438,_RINvMNtCsh06HHTBymxI_19chess_vector_engine16gpu_accelerationNtB3_14GPUAccelerator23multi_gpu_batch_processppEB5_
FN:461,_RNCINvMNtCsh06HHTBymxI_19chess_vector_engine16gpu_accelerationNtB5_14GPUAccelerator23multi_gpu_batch_processppE0B7_
FN:408,_RNCNvMNtCsh06HHTBymxI_19chess_vector_engine16gpu_accelerationNtB4_14GPUAccelerator27multi_gpu_similarity_search0B6_
FN:476,_RNCNvXs_NtCsh06HHTBymxI_19chess_vector_engine16gpu_accelerationNtB6_14GPUAcceleratorNtNtCs9sjCchOt1K7_4core7default7Default7default0B8_
FN:294,_RNvMNtCsh06HHTBymxI_19chess_vector_engine16gpu_accelerationNtB2_14GPUAccelerator11add_vectors
FN:176,_RNvMNtCsh06HHTBymxI_19chess_vector_engine16gpu_accelerationNtB2_14GPUAccelerator11all_devices
FN:321,_RNvMNtCsh06HHTBymxI_19chess_vector_engine16gpu_accelerationNtB2_14GPUAccelerator11memory_info
FN:166,_RNvMNtCsh06HHTBymxI_19chess_vector_engine16gpu_accelerationNtB2_14GPUAccelerator12device_count
FN:181,_RNvMNtCsh06HHTBymxI_19chess_vector_engine16gpu_accelerationNtB2_14GPUAccelerator13switch_device
FN:196,_RNvMNtCsh06HHTBymxI_19chess_vector_engine16gpu_accelerationNtB2_14GPUAccelerator20current_device_index
FN:171,_RNvMNtCsh06HHTBymxI_19chess_vector_engine16gpu_accelerationNtB2_14GPUAccelerator22is_multi_gpu_available
FN:361,_RNvMNtCsh06HHTBymxI_19chess_vector_engine16gpu_accelerationNtB2_14GPUAccelerator27multi_gpu_similarity_search
FN:418,_RNvMNtCsh06HHTBymxI_19chess_vector_engine16gpu_accelerationNtB2_14GPUAccelerator32compute_cosine_similarity_tensor
FN:156,_RNvMNtCsh06HHTBymxI_19chess_vector_engine16gpu_accelerationNtB2_14GPUAccelerator6device
FN:475,_RNvXs_NtCsh06HHTBymxI_19chess_vector_engine16gpu_accelerationNtB4_14GPUAcceleratorNtNtCs9sjCchOt1K7_4core7default7Default7default
FN:151,_RNvMNtCsh06HHTBymxI_19chess_vector_engine16gpu_accelerationNtB2_14GPUAccelerator11device_type
FN:161,_RNvMNtCsh06HHTBymxI_19chess_vector_engine16gpu_accelerationNtB2_14GPUAccelerator14is_gpu_enabled
FN:201,_RNvMNtCsh06HHTBymxI_19chess_vector_engine16gpu_accelerationNtB2_14GPUAccelerator15array_to_tensor
FN:214,_RNvMNtCsh06HHTBymxI_19chess_vector_engine16gpu_accelerationNtB2_14GPUAccelerator15tensor_to_array
FN:207,_RNvMNtCsh06HHTBymxI_19chess_vector_engine16gpu_accelerationNtB2_14GPUAccelerator16array2_to_tensor
FN:220,_RNvMNtCsh06HHTBymxI_19chess_vector_engine16gpu_accelerationNtB2_14GPUAccelerator16tensor_to_array2
FN:263,_RNvMNtCsh06HHTBymxI_19chess_vector_engine16gpu_accelerationNtB2_14GPUAccelerator21cosine_similarity_cpu
FN:232,_RNvMNtCsh06HHTBymxI_19chess_vector_engine16gpu_accelerationNtB2_14GPUAccelerator23cosine_similarity_batch
FN:42,_RNvMNtCsh06HHTBymxI_19chess_vector_engine16gpu_accelerationNtB2_14GPUAccelerator3new
FN:27,_RNvMNtCsh06HHTBymxI_19chess_vector_engine16gpu_accelerationNtB2_14GPUAccelerator6global
FN:281,_RNvMNtCsh06HHTBymxI_19chess_vector_engine16gpu_accelerationNtB2_14GPUAccelerator6matmul
FN:81,_RNvMNtCsh06HHTBymxI_19chess_vector_engine16gpu_accelerationNtB2_14GPUAccelerator8try_cuda
FN:345,_RNvMNtCsh06HHTBymxI_19chess_vector_engine16gpu_accelerationNtB2_14GPUAccelerator9benchmark
FN:116,_RNvMNtCsh06HHTBymxI_19chess_vector_engine16gpu_accelerationNtB2_14GPUAccelerator9try_metal
FN:521,_RNvNtNtCsh06HHTBymxI_19chess_vector_engine16gpu_acceleration5testss_14test_benchmark
FN:497,_RNvNtNtCsh06HHTBymxI_19chess_vector_engine16gpu_acceleration5testss_22test_cosine_similarity
FN:510,_RNvNtNtCsh06HHTBymxI_19chess_vector_engine16gpu_acceleration5testss_26test_matrix_multiplication
FN:491,_RNvNtNtCsh06HHTBymxI_19chess_vector_engine16gpu_acceleration5testss_29test_gpu_accelerator_creation
FNDA:0,_RNCNCNvMNtCsh06HHTBymxI_19chess_vector_engine16gpu_accelerationNtB6_14GPUAccelerator6global00B8_
FNDA:0,_RNCNvMNtCsh06HHTBymxI_19chess_vector_engine16gpu_accelerationNtB4_14GPUAccelerator16tensor_to_array20B6_
FNDA:1,_RNCNvMNtCsh06HHTBymxI_19chess_vector_engine16gpu_accelerationNtB4_14GPUAccelerator6global0B6_
FNDA:0,_RINvMNtCsh06HHTBymxI_19chess_vector_engine16gpu_accelerationNtB3_14GPUAccelerator23multi_gpu_batch_processppEB5_
FNDA:0,_RNCINvMNtCsh06HHTBymxI_19chess_vector_engine16gpu_accelerationNtB5_14GPUAccelerator23multi_gpu_batch_processppE0B7_
FNDA:0,_RNCNvMNtCsh06HHTBymxI_19chess_vector_engine16gpu_accelerationNtB4_14GPUAccelerator27multi_gpu_similarity_search0B6_
FNDA:0,_RNCNvXs_NtCsh06HHTBymxI_19chess_vector_engine16gpu_accelerationNtB6_14GPUAcceleratorNtNtCs9sjCchOt1K7_4core7default7Default7default0B8_
FNDA:0,_RNvMNtCsh06HHTBymxI_19chess_vector_engine16gpu_accelerationNtB2_14GPUAccelerator11add_vectors
FNDA:0,_RNvMNtCsh06HHTBymxI_19chess_vector_engine16gpu_accelerationNtB2_14GPUAccelerator11all_devices
FNDA:0,_RNvMNtCsh06HHTBymxI_19chess_vector_engine16gpu_accelerationNtB2_14GPUAccelerator11memory_info
FNDA:0,_RNvMNtCsh06HHTBymxI_19chess_vector_engine16gpu_accelerationNtB2_14GPUAccelerator12device_count
FNDA:0,_RNvMNtCsh06HHTBymxI_19chess_vector_engine16gpu_accelerationNtB2_14GPUAccelerator13switch_device
FNDA:0,_RNvMNtCsh06HHTBymxI_19chess_vector_engine16gpu_accelerationNtB2_14GPUAccelerator20current_device_index
FNDA:0,_RNvMNtCsh06HHTBymxI_19chess_vector_engine16gpu_accelerationNtB2_14GPUAccelerator22is_multi_gpu_available
FNDA:0,_RNvMNtCsh06HHTBymxI_19chess_vector_engine16gpu_accelerationNtB2_14GPUAccelerator27multi_gpu_similarity_search
FNDA:0,_RNvMNtCsh06HHTBymxI_19chess_vector_engine16gpu_accelerationNtB2_14GPUAccelerator32compute_cosine_similarity_tensor
FNDA:0,_RNvMNtCsh06HHTBymxI_19chess_vector_engine16gpu_accelerationNtB2_14GPUAccelerator6device
FNDA:0,_RNvXs_NtCsh06HHTBymxI_19chess_vector_engine16gpu_accelerationNtB4_14GPUAcceleratorNtNtCs9sjCchOt1K7_4core7default7Default7default
FNDA:2,_RNvMNtCsh06HHTBymxI_19chess_vector_engine16gpu_accelerationNtB2_14GPUAccelerator11device_type
FNDA:30,_RNvMNtCsh06HHTBymxI_19chess_vector_engine16gpu_accelerationNtB2_14GPUAccelerator14is_gpu_enabled
FNDA:0,_RNvMNtCsh06HHTBymxI_19chess_vector_engine16gpu_accelerationNtB2_14GPUAccelerator15array_to_tensor
FNDA:0,_RNvMNtCsh06HHTBymxI_19chess_vector_engine16gpu_accelerationNtB2_14GPUAccelerator15tensor_to_array
FNDA:0,_RNvMNtCsh06HHTBymxI_19chess_vector_engine16gpu_accelerationNtB2_14GPUAccelerator16array2_to_tensor
FNDA:0,_RNvMNtCsh06HHTBymxI_19chess_vector_engine16gpu_accelerationNtB2_14GPUAccelerator16tensor_to_array2
FNDA:1,_RNvMNtCsh06HHTBymxI_19chess_vector_engine16gpu_accelerationNtB2_14GPUAccelerator21cosine_similarity_cpu
FNDA:1,_RNvMNtCsh06HHTBymxI_19chess_vector_engine16gpu_accelerationNtB2_14GPUAccelerator23cosine_similarity_batch
FNDA:2,_RNvMNtCsh06HHTBymxI_19chess_vector_engine16gpu_accelerationNtB2_14GPUAccelerator3new
FNDA:30,_RNvMNtCsh06HHTBymxI_19chess_vector_engine16gpu_accelerationNtB2_14GPUAccelerator6global
FNDA:2,_RNvMNtCsh06HHTBymxI_19chess_vector_engine16gpu_accelerationNtB2_14GPUAccelerator6matmul
FNDA:2,_RNvMNtCsh06HHTBymxI_19chess_vector_engine16gpu_accelerationNtB2_14GPUAccelerator8try_cuda
FNDA:1,_RNvMNtCsh06HHTBymxI_19chess_vector_engine16gpu_accelerationNtB2_14GPUAccelerator9benchmark
FNDA:2,_RNvMNtCsh06HHTBymxI_19chess_vector_engine16gpu_accelerationNtB2_14GPUAccelerator9try_metal
FNDA:1,_RNvNtNtCsh06HHTBymxI_19chess_vector_engine16gpu_acceleration5testss_14test_benchmark
FNDA:1,_RNvNtNtCsh06HHTBymxI_19chess_vector_engine16gpu_acceleration5testss_22test_cosine_similarity
FNDA:1,_RNvNtNtCsh06HHTBymxI_19chess_vector_engine16gpu_acceleration5testss_26test_matrix_multiplication
FNDA:1,_RNvNtNtCsh06HHTBymxI_19chess_vector_engine16gpu_acceleration5testss_29test_gpu_accelerator_creation
FNF:36
FNH:15
DA:27,30
DA:28,30
DA:29,1
DA:30,0
DA:31,0
DA:32,0
DA:33,0
DA:34,0
DA:35,0
DA:36,0
DA:37,1
DA:38,30
DA:39,30
DA:42,2
DA:43,2
DA:44,2
DA:45,2
DA:46,2
DA:47,2
DA:48,0
DA:49,0
DA:50,0
DA:52,2
DA:53,2
DA:54,2
DA:55,2
DA:56,2
DA:57,2
DA:58,2
DA:59,2
DA:60,2
DA:61,0
DA:62,0
DA:63,0
DA:65,2
DA:66,2
DA:67,2
DA:68,2
DA:69,2
DA:70,2
DA:71,2
DA:72,2
DA:73,2
DA:74,2
DA:75,2
DA:76,2
DA:77,2
DA:78,2
DA:81,2
DA:82,2
DA:83,2
DA:84,2
DA:87,2
DA:88,2
DA:89,0
DA:90,0
DA:91,0
DA:92,2
DA:96,2
DA:97,2
DA:98,0
DA:99,0
DA:100,0
DA:101,0
DA:102,0
DA:103,0
DA:104,0
DA:105,0
DA:106,0
DA:107,0
DA:108,2
DA:116,2
DA:117,2
DA:118,2
DA:119,2
DA:122,2
DA:123,2
DA:124,0
DA:125,0
DA:126,0
DA:127,2
DA:131,2
DA:132,2
DA:133,0
DA:134,0
DA:135,0
DA:136,0
DA:137,0
DA:138,0
DA:139,0
DA:140,0
DA:141,0
DA:142,0
DA:143,2
DA:151,2
DA:152,2
DA:153,2
DA:156,0
DA:157,0
DA:158,0
DA:161,30
DA:162,30
DA:163,30
DA:166,0
DA:167,0
DA:168,0
DA:171,0
DA:172,0
DA:173,0
DA:176,0
DA:177,0
DA:178,0
DA:181,0
DA:182,0
DA:183,0
DA:184,0
DA:185,0
DA:186,0
DA:187,0
DA:188,0
DA:189,0
DA:190,0
DA:191,0
DA:192,0
DA:193,0
DA:196,0
DA:197,0
DA:198,0
DA:201,0
DA:202,0
DA:203,0
DA:204,0
DA:207,0
DA:208,0
DA:209,0
DA:210,0
DA:211,0
DA:214,0
DA:215,0
DA:216,0
DA:217,0
DA:220,0
DA:221,0
DA:222,0
DA:223,0
DA:224,0
DA:225,0
DA:226,0
DA:227,0
DA:228,0
DA:229,0
DA:232,1
DA:233,1
DA:234,1
DA:235,1
DA:236,1
DA:237,1
DA:239,1
DA:240,0
DA:243,0
DA:244,0
DA:247,0
DA:248,0
DA:251,0
DA:252,0
DA:255,0
DA:256,0
DA:257,0
DA:259,0
DA:260,1
DA:263,1
DA:264,1
DA:265,1
DA:267,2
DA:268,2
DA:269,2
DA:270,2
DA:271,2
DA:273,0
DA:277,1
DA:278,1
DA:281,2
DA:282,2
DA:284,2
DA:285,0
DA:287,0
DA:288,0
DA:289,0
DA:290,0
DA:291,2
DA:294,0
DA:295,0
DA:296,0
DA:297,0
DA:298,0
DA:299,0
DA:300,0
DA:301,0
DA:303,0
DA:304,0
DA:305,0
DA:306,0
DA:307,0
DA:308,0
DA:311,0
DA:312,0
DA:313,0
DA:314,0
DA:317,0
DA:318,0
DA:321,0
DA:322,0
DA:323,0
DA:328,0
DA:336,0
DA:342,0
DA:345,1
DA:346,1
DA:347,1
DA:348,1
DA:349,1
DA:350,1
DA:351,1
DA:352,1
DA:353,1
DA:354,1
DA:355,1
DA:356,1
DA:357,1
DA:358,1
DA:361,0
DA:362,0
DA:363,0
DA:364,0
DA:365,0
DA:366,0
DA:368,0
DA:369,0
DA:370,0
DA:371,0
DA:372,0
DA:373,0
DA:374,0
DA:375,0
DA:376,0
DA:377,0
DA:380,0
DA:381,0
DA:382,0
DA:384,0
DA:385,0
DA:386,0
DA:387,0
DA:388,0
DA:389,0
DA:390,0
DA:391,0
DA:392,0
DA:393,0
DA:394,0
DA:396,0
DA:397,0
DA:398,0
DA:401,0
DA:402,0
DA:403,0
DA:404,0
DA:408,0
DA:409,0
DA:410,0
DA:411,0
DA:412,0
DA:414,0
DA:415,0
DA:418,0
DA:419,0
DA:420,0
DA:421,0
DA:422,0
DA:424,0
DA:425,0
DA:428,0
DA:429,0
DA:432,0
DA:433,0
DA:434,0
DA:435,0
DA:438,0
DA:439,0
DA:440,0
DA:441,0
DA:442,0
DA:443,0
DA:445,0
DA:446,0
DA:450,0
DA:451,0
DA:452,0
DA:453,0
DA:454,0
DA:455,0
DA:456,0
DA:457,0
DA:458,0
DA:459,0
DA:460,0
DA:461,0
DA:462,0
DA:463,0
DA:464,0
DA:465,0
DA:466,0
DA:467,0
DA:468,0
DA:469,0
DA:471,0
DA:475,0
DA:476,0
DA:477,0
DA:478,0
DA:479,0
DA:480,0
DA:481,0
DA:482,0
DA:491,1
DA:492,1
DA:493,1
DA:494,1
DA:497,1
DA:498,1
DA:499,1
DA:500,1
DA:501,1
DA:502,1
DA:503,1
DA:504,1
DA:505,1
DA:506,1
DA:507,1
DA:510,1
DA:511,1
DA:512,1
DA:513,1
DA:514,1
DA:515,1
DA:516,1
DA:517,1
DA:518,1
DA:521,1
DA:522,1
DA:523,1
DA:524,1
DA:525,1
DA:526,1
DA:527,1
DA:528,1
DA:529,1
DA:530,1
BRF:0
BRH:0
LF:368
LH:133
end_of_record
SF:/home/justin/Projects/chess-vector-engine/src/lib.rs
FN:2434,_RINvMs0_Csh06HHTBymxI_19chess_vector_engineNtB6_17ChessVectorEngine18enable_persistencepEB6_
FN:1398,_RINvMs0_Csh06HHTBymxI_19chess_vector_engineNtB6_17ChessVectorEngine18load_license_cachepEB6_
FN:1409,_RINvMs0_Csh06HHTBymxI_19chess_vector_engineNtB6_17ChessVectorEngine18save_license_cachepEB6_
FN:2566,_RINvMs0_Csh06HHTBymxI_19chess_vector_engineNtB6_17ChessVectorEngine20new_with_persistencepEB6_
FN:764,_RINvMs0_Csh06HHTBymxI_19chess_vector_engineNtB6_17ChessVectorEngine23load_training_data_mmappEB6_
FN:616,_RINvMs0_Csh06HHTBymxI_19chess_vector_engineNtB6_17ChessVectorEngine25save_training_data_binarypEB6_
FN:1124,_RINvMs0_Csh06HHTBymxI_19chess_vector_engineNtB6_17ChessVectorEngine26load_lichess_puzzles_basicpEB6_
FN:804,_RINvMs0_Csh06HHTBymxI_19chess_vector_engineNtB6_17ChessVectorEngine26load_training_data_msgpackpEB6_
FN:1508,_RINvMs0_Csh06HHTBymxI_19chess_vector_engineNtB6_17ChessVectorEngine26ultra_fast_load_any_formatpEB6_
FN:1105,_RINvMs0_Csh06HHTBymxI_19chess_vector_engineNtB6_17ChessVectorEngine28load_lichess_puzzles_premiumpEB6_
FN:890,_RINvMs0_Csh06HHTBymxI_19chess_vector_engineNtB6_17ChessVectorEngine29load_training_data_compressedpEB6_
FN:827,_RINvMs0_Csh06HHTBymxI_19chess_vector_engineNtB6_17ChessVectorEngine33load_training_data_streaming_jsonpEB6_
FN:1530,_RINvMs0_Csh06HHTBymxI_19chess_vector_engineNtB6_17ChessVectorEngine35load_training_data_streaming_binarypEB6_
FN:1547,_RINvMs0_Csh06HHTBymxI_19chess_vector_engineNtB6_17ChessVectorEngine36load_training_data_streaming_json_v2pEB6_
FN:854,_RNCINvMs0_Csh06HHTBymxI_19chess_vector_engineNtB8_17ChessVectorEngine33load_training_data_streaming_jsonpE0B8_
FN:881,_RNCINvMs0_Csh06HHTBymxI_19chess_vector_engineNtB8_17ChessVectorEngine33load_training_data_streaming_jsonpEs_0B8_
FN:858,_RNCNCINvMs0_Csh06HHTBymxI_19chess_vector_engineNtBa_17ChessVectorEngine33load_training_data_streaming_jsonpE00Ba_
FN:859,_RNCNCINvMs0_Csh06HHTBymxI_19chess_vector_engineNtBa_17ChessVectorEngine33load_training_data_streaming_jsonpE0s_0Ba_
FN:1867,_RNCNvMs0_Csh06HHTBymxI_19chess_vector_engineNtB7_17ChessVectorEngine15convert_to_mmap0B7_
FN:1884,_RNCNvMs0_Csh06HHTBymxI_19chess_vector_engineNtB7_17ChessVectorEngine15convert_to_mmaps_0B7_
FN:1374,_RNCNvMs0_Csh06HHTBymxI_19chess_vector_engineNtB7_17ChessVectorEngine16activate_license0B7_
FN:2465,_RNCNvMs0_Csh06HHTBymxI_19chess_vector_engineNtB7_17ChessVectorEngine16save_to_database0B7_
FN:1652,_RNCNvMs0_Csh06HHTBymxI_19chess_vector_engineNtB7_17ChessVectorEngine18convert_to_msgpack0B7_
FN:1669,_RNCNvMs0_Csh06HHTBymxI_19chess_vector_engineNtB7_17ChessVectorEngine18convert_to_msgpacks_0B7_
FN:2509,_RNCNvMs0_Csh06HHTBymxI_19chess_vector_engineNtB7_17ChessVectorEngine18load_from_database0B7_
FN:2530,_RNCNvMs0_Csh06HHTBymxI_19chess_vector_engineNtB7_17ChessVectorEngine18load_from_databases_0B7_
FN:1192,_RNCNvMs0_Csh06HHTBymxI_19chess_vector_engineNtB7_17ChessVectorEngine18new_with_fast_load0B7_
FN:1388,_RNCNvMs0_Csh06HHTBymxI_19chess_vector_engineNtB7_17ChessVectorEngine22check_licensed_feature0B7_
FN:1946,_RNCNvMs0_Csh06HHTBymxI_19chess_vector_engineNtB7_17ChessVectorEngine22convert_json_to_binary0B7_
FN:1075,_RNCNvMs0_Csh06HHTBymxI_19chess_vector_engineNtB7_17ChessVectorEngine23auto_load_training_data0B7_
FN:1081,_RNCNvMs0_Csh06HHTBymxI_19chess_vector_engineNtB7_17ChessVectorEngine23auto_load_training_datas_0B7_
FN:1591,_RNCNvMs0_Csh06HHTBymxI_19chess_vector_engineNtB7_17ChessVectorEngine24new_for_massive_datasets0B7_
FN:2641,_RNCNvMs0_Csh06HHTBymxI_19chess_vector_engineNtB7_17ChessVectorEngine26is_parallel_search_enabled0B7_
FN:2012,_RNCNvMs0_Csh06HHTBymxI_19chess_vector_engineNtB7_17ChessVectorEngine9lsh_stats0B7_
FN:239,_RNvMs0_Csh06HHTBymxI_19chess_vector_engineNtB5_17ChessVectorEngine12new_adaptive
FN:270,_RNvMs0_Csh06HHTBymxI_19chess_vector_engineNtB5_17ChessVectorEngine12new_with_lsh
FN:223,_RNvMs0_Csh06HHTBymxI_19chess_vector_engineNtB5_17ChessVectorEngine12upgrade_tier
FN:2665,_RNvMs0_Csh06HHTBymxI_19chess_vector_engineNtB5_17ChessVectorEngine13hybrid_config
FN:211,_RNvMs0_Csh06HHTBymxI_19chess_vector_engineNtB5_17ChessVectorEngine13new_with_tier
FN:1822,_RNvMs0_Csh06HHTBymxI_19chess_vector_engineNtB5_17ChessVectorEngine15convert_to_mmap
FN:1765,_RNvMs0_Csh06HHTBymxI_19chess_vector_engineNtB5_17ChessVectorEngine15convert_to_zstd
FN:481,_RNvMs0_Csh06HHTBymxI_19chess_vector_engineNtB5_17ChessVectorEngine15encode_position
FN:233,_RNvMs0_Csh06HHTBymxI_19chess_vector_engineNtB5_17ChessVectorEngine15require_feature
FN:1374,_RNvMs0_Csh06HHTBymxI_19chess_vector_engineNtB5_17ChessVectorEngine16activate_license
FN:218,_RNvMs0_Csh06HHTBymxI_19chess_vector_engineNtB5_17ChessVectorEngine16get_feature_tier
FN:1360,_RNvMs0_Csh06HHTBymxI_19chess_vector_engineNtB5_17ChessVectorEngine16new_with_license
FN:2445,_RNvMs0_Csh06HHTBymxI_19chess_vector_engineNtB5_17ChessVectorEngine16save_to_database
FN:2176,_RNvMs0_Csh06HHTBymxI_19chess_vector_engineNtB5_17ChessVectorEngine16set_opening_book
FN:2779,_RNvMs0_Csh06HHTBymxI_19chess_vector_engineNtB5_17ChessVectorEngine18adaptive_self_play
FN:1612,_RNvMs0_Csh06HHTBymxI_19chess_vector_engineNtB5_17ChessVectorEngine18convert_to_msgpack
FN:2497,_RNvMs0_Csh06HHTBymxI_19chess_vector_engineNtB5_17ChessVectorEngine18load_from_database
FN:1145,_RNvMs0_Csh06HHTBymxI_19chess_vector_engineNtB5_17ChessVectorEngine18new_with_auto_load
FN:1169,_RNvMs0_Csh06HHTBymxI_19chess_vector_engineNtB5_17ChessVectorEngine18new_with_fast_load
FN:2675,_RNvMs0_Csh06HHTBymxI_19chess_vector_engineNtB5_17ChessVectorEngine18self_play_training
FN:2130,_RNvMs0_Csh06HHTBymxI_19chess_vector_engineNtB5_17ChessVectorEngine19is_manifold_enabled
FN:1479,_RNvMs0_Csh06HHTBymxI_19chess_vector_engineNtB5_17ChessVectorEngine19load_file_by_format
FN:486,_RNvMs0_Csh06HHTBymxI_19chess_vector_engineNtB5_17ChessVectorEngine20calculate_similarity
FN:2705,_RNvMs0_Csh06HHTBymxI_19chess_vector_engineNtB5_17ChessVectorEngine20continuous_self_play
FN:228,_RNvMs0_Csh06HHTBymxI_19chess_vector_engineNtB5_17ChessVectorEngine20is_feature_available
FN:2143,_RNvMs0_Csh06HHTBymxI_19chess_vector_engineNtB5_17ChessVectorEngine20load_manifold_models
FN:1453,_RNvMs0_Csh06HHTBymxI_19chess_vector_engineNtB5_17ChessVectorEngine20load_starter_dataset
FN:1304,_RNvMs0_Csh06HHTBymxI_19chess_vector_engineNtB5_17ChessVectorEngine21new_with_instant_load
FN:1439,_RNvMs0_Csh06HHTBymxI_19chess_vector_engineNtB5_17ChessVectorEngine22check_gpu_acceleration
FN:1388,_RNvMs0_Csh06HHTBymxI_19chess_vector_engineNtB5_17ChessVectorEngine22check_licensed_feature
FN:1933,_RNvMs0_Csh06HHTBymxI_19chess_vector_engineNtB5_17ChessVectorEngine22convert_json_to_binary
FN:2626,_RNvMs0_Csh06HHTBymxI_19chess_vector_engineNtB5_17ChessVectorEngine22enable_parallel_search
FN:2595,_RNvMs0_Csh06HHTBymxI_19chess_vector_engineNtB5_17ChessVectorEngine22is_persistence_enabled
FN:1021,_RNvMs0_Csh06HHTBymxI_19chess_vector_engineNtB5_17ChessVectorEngine23auto_load_training_data
FN:2600,_RNvMs0_Csh06HHTBymxI_19chess_vector_engineNtB5_17ChessVectorEngine23database_position_count
FN:2670,_RNvMs0_Csh06HHTBymxI_19chess_vector_engineNtB5_17ChessVectorEngine23is_opening_book_enabled
FN:1244,_RNvMs0_Csh06HHTBymxI_19chess_vector_engineNtB5_17ChessVectorEngine23new_with_auto_discovery
FN:1573,_RNvMs0_Csh06HHTBymxI_19chess_vector_engineNtB5_17ChessVectorEngine24new_for_massive_datasets
FN:1367,_RNvMs0_Csh06HHTBymxI_19chess_vector_engineNtB5_17ChessVectorEngine24new_with_offline_license
FN:2638,_RNvMs0_Csh06HHTBymxI_19chess_vector_engineNtB5_17ChessVectorEngine26is_parallel_search_enabled
FN:925,_RNvMs0_Csh06HHTBymxI_19chess_vector_engineNtB5_17ChessVectorEngine26load_positions_from_tuples
FN:1716,_RNvMs0_Csh06HHTBymxI_19chess_vector_engineNtB5_17ChessVectorEngine27convert_a100_binary_to_json
FN:2587,_RNvMs0_Csh06HHTBymxI_19chess_vector_engineNtB5_17ChessVectorEngine9auto_save
FN:2011,_RNvMs0_Csh06HHTBymxI_19chess_vector_engineNtB5_17ChessVectorEngine9lsh_stats
FN:3091,_RNCNvNtCsh06HHTBymxI_19chess_vector_engine5testss_31test_position_with_move_storage0B5_
FN:2863,_RNvNtCsh06HHTBymxI_19chess_vector_engine5testss_15test_evaluation
FN:2851,_RNvNtCsh06HHTBymxI_19chess_vector_engine5testss_19test_add_and_search
FN:3233,_RNvNtCsh06HHTBymxI_19chess_vector_engine5testss_19test_training_stats
FN:2845,_RNvNtCsh06HHTBymxI_19chess_vector_engine5testss_20test_engine_creation
FN:2998,_RNvNtCsh06HHTBymxI_19chess_vector_engine5testss_20test_lsh_integration
FN:3160,_RNvNtCsh06HHTBymxI_19chess_vector_engine5testss_25test_incremental_training
FN:2876,_RNvNtCsh06HHTBymxI_19chess_vector_engine5testss_25test_move_recommendations
FN:3198,_RNvNtCsh06HHTBymxI_19chess_vector_engine5testss_26test_save_load_incremental
FN:3141,_RNvNtCsh06HHTBymxI_19chess_vector_engine5testss_28test_memory_usage_reasonable
FN:3021,_RNvNtCsh06HHTBymxI_19chess_vector_engine5testss_29test_manifold_lsh_integration
FN:2947,_RNvNtCsh06HHTBymxI_19chess_vector_engine5testss_29test_opening_book_integration
FN:3071,_RNvNtCsh06HHTBymxI_19chess_vector_engine5testss_31test_position_with_move_storage
FN:3269,_RNvNtCsh06HHTBymxI_19chess_vector_engine5testss_32test_tactical_search_integration
FN:3099,_RNvNtCsh06HHTBymxI_19chess_vector_engine5testss_33test_performance_regression_basic
FN:2895,_RNvNtCsh06HHTBymxI_19chess_vector_engine5testss_34test_empty_knowledge_base_fallback
FN:2972,_RNvNtCsh06HHTBymxI_19chess_vector_engine5testss_34test_manifold_learning_integration
FN:3291,_RNvNtCsh06HHTBymxI_19chess_vector_engine5testss_36test_hybrid_evaluation_configuration
FN:498,_RINvMs0_Csh06HHTBymxI_19chess_vector_engineNtB6_17ChessVectorEngine18save_training_dataRNtNtCseJswNlh1fGO_3std4path7PathBufEB6_
FN:681,_RINvMs0_Csh06HHTBymxI_19chess_vector_engineNtB6_17ChessVectorEngine25load_training_data_binaryNtNtCseJswNlh1fGO_3std4path7PathBufEB6_
FN:524,_RINvMs0_Csh06HHTBymxI_19chess_vector_engineNtB6_17ChessVectorEngine30load_training_data_incrementalRNtNtCseJswNlh1fGO_3std4path7PathBufEB6_
FN:2252,_RNCNvMs0_Csh06HHTBymxI_19chess_vector_engineNtB7_17ChessVectorEngine15recommend_moves0B7_
FN:2310,_RNCNvMs0_Csh06HHTBymxI_19chess_vector_engineNtB7_17ChessVectorEngine15recommend_movess0_0B7_
FN:2340,_RNCNvMs0_Csh06HHTBymxI_19chess_vector_engineNtB7_17ChessVectorEngine15recommend_movess1_0B7_
FN:2388,_RNCNvMs0_Csh06HHTBymxI_19chess_vector_engineNtB7_17ChessVectorEngine15recommend_movess2_0B7_
FN:2401,_RNCNvMs0_Csh06HHTBymxI_19chess_vector_engineNtB7_17ChessVectorEngine15recommend_movess3_0B7_
FN:2269,_RNCNvMs0_Csh06HHTBymxI_19chess_vector_engineNtB7_17ChessVectorEngine15recommend_movess_0B7_
FN:1425,_RNCNvMs0_Csh06HHTBymxI_19chess_vector_engineNtB7_17ChessVectorEngine16is_position_safe0B7_
FN:2195,_RNCNvMs0_Csh06HHTBymxI_19chess_vector_engineNtB7_17ChessVectorEngine18opening_book_stats0B7_
FN:2184,_RNCNvMs0_Csh06HHTBymxI_19chess_vector_engineNtB7_17ChessVectorEngine19is_opening_position0B7_
FN:2428,_RNCNvMs0_Csh06HHTBymxI_19chess_vector_engineNtB7_17ChessVectorEngine21recommend_legal_moves0B7_
FN:2050,_RNCNvMs0_Csh06HHTBymxI_19chess_vector_engineNtB7_17ChessVectorEngine23train_manifold_learning0B7_
FN:2138,_RNCNvMs0_Csh06HHTBymxI_19chess_vector_engineNtB7_17ChessVectorEngine26manifold_compression_ratio0B7_
FN:395,_RNCNvMs0_Csh06HHTBymxI_19chess_vector_engineNtB7_17ChessVectorEngine35find_similar_positions_with_indices0B7_
FN:56,_RNvCsh06HHTBymxI_19chess_vector_engine15move_centrality
FN:295,_RNvMs0_Csh06HHTBymxI_19chess_vector_engineNtB5_17ChessVectorEngine10enable_lsh
FN:308,_RNvMs0_Csh06HHTBymxI_19chess_vector_engineNtB5_17ChessVectorEngine12add_position
FN:974,_RNvMs0_Csh06HHTBymxI_19chess_vector_engineNtB5_17ChessVectorEngine12format_bytes
FN:2006,_RNvMs0_Csh06HHTBymxI_19chess_vector_engineNtB5_17ChessVectorEngine14is_lsh_enabled
FN:1008,_RNvMs0_Csh06HHTBymxI_19chess_vector_engineNtB5_17ChessVectorEngine14training_stats
FN:2221,_RNvMs0_Csh06HHTBymxI_19chess_vector_engineNtB5_17ChessVectorEngine15recommend_moves
FN:1423,_RNvMs0_Csh06HHTBymxI_19chess_vector_engineNtB5_17ChessVectorEngine16is_position_safe
FN:402,_RNvMs0_Csh06HHTBymxI_19chess_vector_engineNtB5_17ChessVectorEngine17evaluate_position
FN:2189,_RNvMs0_Csh06HHTBymxI_19chess_vector_engineNtB5_17ChessVectorEngine17get_opening_entry
FN:2194,_RNvMs0_Csh06HHTBymxI_19chess_vector_engineNtB5_17ChessVectorEngine18opening_book_stats
FN:2109,_RNvMs0_Csh06HHTBymxI_19chess_vector_engineNtB5_17ChessVectorEngine19enable_manifold_lsh
FN:2171,_RNvMs0_Csh06HHTBymxI_19chess_vector_engineNtB5_17ChessVectorEngine19enable_opening_book
FN:2181,_RNvMs0_Csh06HHTBymxI_19chess_vector_engineNtB5_17ChessVectorEngine19is_opening_position
FN:493,_RNvMs0_Csh06HHTBymxI_19chess_vector_engineNtB5_17ChessVectorEngine19knowledge_base_size
FN:2413,_RNvMs0_Csh06HHTBymxI_19chess_vector_engineNtB5_17ChessVectorEngine21recommend_legal_moves
FN:2199,_RNvMs0_Csh06HHTBymxI_19chess_vector_engineNtB5_17ChessVectorEngine22add_position_with_move
FN:2606,_RNvMs0_Csh06HHTBymxI_19chess_vector_engineNtB5_17ChessVectorEngine22enable_tactical_search
FN:345,_RNvMs0_Csh06HHTBymxI_19chess_vector_engineNtB5_17ChessVectorEngine22find_similar_positions
FN:2035,_RNvMs0_Csh06HHTBymxI_19chess_vector_engineNtB5_17ChessVectorEngine23train_manifold_learning
FN:2016,_RNvMs0_Csh06HHTBymxI_19chess_vector_engineNtB5_17ChessVectorEngine24enable_manifold_learning
FN:2080,_RNvMs0_Csh06HHTBymxI_19chess_vector_engineNtB5_17ChessVectorEngine24rebuild_manifold_indices
FN:2621,_RNvMs0_Csh06HHTBymxI_19chess_vector_engineNtB5_17ChessVectorEngine26is_tactical_search_enabled
FN:2135,_RNvMs0_Csh06HHTBymxI_19chess_vector_engineNtB5_17ChessVectorEngine26manifold_compression_ratio
FN:2616,_RNvMs0_Csh06HHTBymxI_19chess_vector_engineNtB5_17ChessVectorEngine27configure_hybrid_evaluation
FN:2611,_RNvMs0_Csh06HHTBymxI_19chess_vector_engineNtB5_17ChessVectorEngine30enable_tactical_search_default
FN:988,_RNvMs0_Csh06HHTBymxI_19chess_vector_engineNtB5_17ChessVectorEngine30train_from_dataset_incremental
FN:377,_RNvMs0_Csh06HHTBymxI_19chess_vector_engineNtB5_17ChessVectorEngine35find_similar_positions_with_indices
FN:186,_RNvMs0_Csh06HHTBymxI_19chess_vector_engineNtB5_17ChessVectorEngine3new
FN:111,_RNvXCsh06HHTBymxI_19chess_vector_engineNtB2_12HybridConfigNtNtCs9sjCchOt1K7_4core7default7Default7default
FN:159,_RNvXs_Csh06HHTBymxI_19chess_vector_engineNtB4_17ChessVectorEngineNtNtCs9sjCchOt1K7_4core5clone5Clone5clone
FNDA:0,_RINvMs0_Csh06HHTBymxI_19chess_vector_engineNtB6_17ChessVectorEngine18enable_persistencepEB6_
FNDA:0,_RINvMs0_Csh06HHTBymxI_19chess_vector_engineNtB6_17ChessVectorEngine18load_license_cachepEB6_
[...]
FN:351,_RNvMNtCsh06HHTBymxI_19chess_vector_engine17ultra_fast_loaderNtB2_15UltraFastLoader9get_stats
FN:371,_RNvMs_NtCsh06HHTBymxI_19chess_vector_engine17ultra_fast_loaderNtB4_12LoadingStats12success_rate
FNDA:0,_RINvMNtCsh06HHTBymxI_19chess_vector_engine17ultra_fast_loaderNtB3_15UltraFastLoader17ultra_load_binarypEB5_
FNDA:0,_RINvMNtCsh06HHTBymxI_19chess_vector_engine17ultra_fast_loaderNtB3_15UltraFastLoader18memory_mapped_loadpEB5_
FNDA:0,_RNCNvMNtCsh06HHTBymxI_19chess_vector_engine17ultra_fast_loaderNtB4_15UltraFastLoader15parse_text_data0B6_
FNDA:0,_RNCNvMNtCsh06HHTBymxI_19chess_vector_engine17ultra_fast_loaderNtB4_15UltraFastLoader17extract_from_json0B6_
FNDA:0,_RNCNvMNtCsh06HHTBymxI_19chess_vector_engine17ultra_fast_loaderNtB4_15UltraFastLoader17extract_from_jsons_0B6_
FNDA:0,_RNvMNtCsh06HHTBymxI_19chess_vector_engine17ultra_fast_loaderNtB2_15UltraFastLoader15parse_text_data
FNDA:0,_RNvMNtCsh06HHTBymxI_19chess_vector_engine17ultra_fast_loaderNtB2_15UltraFastLoader15sequential_load
FNDA:0,_RNvMNtCsh06HHTBymxI_19chess_vector_engine17ultra_fast_loaderNtB2_15UltraFastLoader17extract_from_json
FNDA:0,_RNvMNtCsh06HHTBymxI_19chess_vector_engine17ultra_fast_loaderNtB2_15UltraFastLoader19parallel_batch_load
FNDA:0,_RNvMNtCsh06HHTBymxI_19chess_vector_engine17ultra_fast_loaderNtB2_15UltraFastLoader23parse_decompressed_data
FNDA:0,_RNvMNtCsh06HHTBymxI_19chess_vector_engine17ultra_fast_loaderNtB2_15UltraFastLoader26stream_parse_memory_mapped
FNDA:1,_RNvNtNtCsh06HHTBymxI_19chess_vector_engine17ultra_fast_loader5testss_18test_loading_stats
FNDA:1,_RNvNtNtCsh06HHTBymxI_19chess_vector_engine17ultra_fast_loader5testss_31test_ultra_fast_loader_creation
FNDA:2,_RNvMNtCsh06HHTBymxI_19chess_vector_engine17ultra_fast_loaderNtB2_15UltraFastLoader24new_for_massive_datasets
FNDA:1,_RNvMNtCsh06HHTBymxI_19chess_vector_engine17ultra_fast_loaderNtB2_15UltraFastLoader9get_stats
FNDA:1,_RNvMs_NtCsh06HHTBymxI_19chess_vector_engine17ultra_fast_loaderNtB4_12LoadingStats12success_rate
FNF:16
FNH:5
DA:20,2
DA:21,2
DA:22,2
DA:23,2
DA:24,2
DA:25,2
DA:26,2
DA:27,2
DA:28,2
DA:31,0
DA:32,0
DA:33,0
DA:34,0
DA:35,0
DA:36,0
DA:37,0
DA:39,0
DA:40,0
DA:41,0
DA:42,0
DA:44,0
DA:45,0
DA:46,0
DA:49,0
DA:52,0
DA:54,0
DA:55,0
DA:56,0
DA:57,0
DA:58,0
DA:59,0
DA:61,0
DA:65,0
DA:66,0
DA:67,0
DA:68,0
DA:69,0
DA:73,0
DA:74,0
DA:75,0
DA:76,0
DA:77,0
DA:78,0
DA:79,0
DA:80,0
DA:81,0
DA:82,0
DA:84,0
DA:86,0
DA:89,0
DA:90,0
DA:91,0
DA:92,0
DA:93,0
DA:96,0
DA:97,0
DA:99,0
DA:103,0
DA:104,0
DA:105,0
DA:106,0
DA:107,0
DA:108,0
DA:109,0
DA:110,0
DA:113,0
DA:114,0
DA:115,0
DA:116,0
DA:117,0
DA:121,0
DA:122,0
DA:123,0
DA:124,0
DA:127,0
DA:128,0
DA:129,0
DA:130,0
DA:133,0
DA:134,0
DA:135,0
DA:136,0
DA:137,0
DA:138,0
DA:139,0
DA:142,0
DA:143,0
DA:144,0
DA:145,0
DA:146,0
DA:147,0
DA:148,0
DA:149,0
DA:152,0
DA:153,0
DA:154,0
DA:155,0
DA:156,0
DA:157,0
DA:158,0
DA:159,0
DA:160,0
DA:161,0
DA:162,0
DA:163,0
DA:164,0
DA:165,0
DA:166,0
DA:167,0
DA:168,0
DA:169,0
DA:170,0
DA:171,0
DA:172,0
DA:173,0
DA:174,0
DA:175,0
DA:176,0
DA:177,0
DA:178,0
DA:179,0
DA:180,0
DA:181,0
DA:182,0
DA:183,0
DA:184,0
DA:185,0
DA:186,0
DA:188,0
DA:189,0
DA:190,0
DA:191,0
DA:194,0
DA:195,0
DA:196,0
DA:197,0
DA:198,0
DA:199,0
DA:200,0
DA:203,0
DA:204,0
DA:205,0
DA:209,0
DA:210,0
DA:211,0
DA:212,0
DA:213,0
DA:214,0
DA:215,0
DA:216,0
DA:217,0
DA:218,0
DA:219,0
DA:220,0
DA:221,0
DA:222,0
DA:225,0
DA:226,0
DA:227,0
DA:229,0
DA:230,0
DA:233,0
DA:235,0
DA:236,0
DA:237,0
DA:239,0
DA:240,0
DA:241,0
DA:242,0
DA:244,0
DA:245,0
DA:248,0
DA:249,0
DA:250,0
DA:251,0
DA:252,0
DA:253,0
DA:254,0
DA:255,0
DA:256,0
DA:257,0
DA:258,0
DA:259,0
DA:260,0
DA:261,0
DA:262,0
DA:263,0
DA:264,0
DA:265,0
DA:266,0
DA:267,0
DA:268,0
DA:269,0
DA:270,0
DA:271,0
DA:273,0
DA:274,0
DA:275,0
DA:278,0
DA:279,0
DA:280,0
DA:281,0
DA:282,0
DA:283,0
DA:284,0
DA:285,0
DA:286,0
DA:288,0
DA:289,0
DA:290,0
DA:295,0
DA:296,0
DA:297,0
DA:298,0
DA:301,0
DA:302,0
DA:303,0
DA:304,0
DA:305,0
DA:308,0
DA:309,0
DA:310,0
DA:311,0
DA:312,0
DA:313,0
DA:314,0
DA:315,0
DA:316,0
DA:317,0
DA:318,0
DA:319,0
DA:322,0
DA:323,0
DA:324,0
DA:325,0
DA:326,0
DA:327,0
DA:328,0
DA:329,0
DA:331,0
DA:332,0
DA:333,0
DA:334,0
DA:335,0
DA:336,0
DA:337,0
DA:338,0
DA:339,0
DA:341,0
DA:342,0
DA:343,0
DA:347,0
DA:348,0
DA:351,1
DA:352,1
DA:353,1
DA:354,1
DA:355,1
DA:356,1
DA:357,1
DA:358,1
DA:371,1
DA:372,1
DA:373,0
DA:374,1
DA:375,1
DA:376,1
DA:384,1
DA:385,1
DA:386,1
DA:387,1
DA:388,1
DA:389,1
DA:392,1
DA:393,1
DA:394,1
DA:395,1
DA:396,1
DA:397,1
DA:398,1
DA:399,1
DA:400,1
DA:401,1
DA:402,1
BRF:0
BRH:0
LF:288
LH:39
end_of_record
SF:/home/justin/Projects/chess-vector-engine/src/variational_autoencoder.rs
FN:251,_RNCNvMs1_NtCsh06HHTBymxI_19chess_vector_engine23variational_autoencoderNtB7_22VariationalAutoencoder10train_step0B9_
FN:261,_RNCNvMs1_NtCsh06HHTBymxI_19chess_vector_engine23variational_autoencoderNtB7_22VariationalAutoencoder10train_steps0_0B9_
FN:266,_RNCNvMs1_NtCsh06HHTBymxI_19chess_vector_engine23variational_autoencoderNtB7_22VariationalAutoencoder10train_steps1_0B9_
FN:272,_RNCNvMs1_NtCsh06HHTBymxI_19chess_vector_engine23variational_autoencoderNtB7_22VariationalAutoencoder10train_steps2_0B9_
FN:256,_RNCNvMs1_NtCsh06HHTBymxI_19chess_vector_engine23variational_autoencoderNtB7_22VariationalAutoencoder10train_steps_0B9_
FN:351,_RNCNvMs1_NtCsh06HHTBymxI_19chess_vector_engine23variational_autoencoderNtB7_22VariationalAutoencoder23evaluate_reconstruction0B9_
FN:374,_RNCNvMs1_NtCsh06HHTBymxI_19chess_vector_engine23variational_autoencoderNtB7_22VariationalAutoencoder23evaluate_reconstructions0_0B9_
FN:362,_RNCNvMs1_NtCsh06HHTBymxI_19chess_vector_engine23variational_autoencoderNtB7_22VariationalAutoencoder23evaluate_reconstructions_0B9_
FN:185,_RNCNvMs1_NtCsh06HHTBymxI_19chess_vector_engine23variational_autoencoderNtB7_22VariationalAutoencoder7forward0B9_
FN:189,_RNCNvMs1_NtCsh06HHTBymxI_19chess_vector_engine23variational_autoencoderNtB7_22VariationalAutoencoder7forwards_0B9_
FN:244,_RNvMs1_NtCsh06HHTBymxI_19chess_vector_engine23variational_autoencoderNtB5_22VariationalAutoencoder10train_step
FN:204,_RNvMs1_NtCsh06HHTBymxI_19chess_vector_engine23variational_autoencoderNtB5_22VariationalAutoencoder12compute_loss
FN:344,_RNvMs1_NtCsh06HHTBymxI_19chess_vector_engine23variational_autoencoderNtB5_22VariationalAutoencoder23evaluate_reconstruction
FN:181,_RNvMs1_NtCsh06HHTBymxI_19chess_vector_engine23variational_autoencoderNtB5_22VariationalAutoencoder7forward
FN:460,_RNvMs3_NtCsh06HHTBymxI_19chess_vector_engine23variational_autoencoderNtB5_9VAEConfig15chess_optimized
FN:451,_RNvMs3_NtCsh06HHTBymxI_19chess_vector_engine23variational_autoencoderNtB5_9VAEConfig16high_compression
FN:443,_RNvMs3_NtCsh06HHTBymxI_19chess_vector_engine23variational_autoencoderNtB5_9VAEConfig8beta_vae
FN:158,_RNCNvMs1_NtCsh06HHTBymxI_19chess_vector_engine23variational_autoencoderNtB7_22VariationalAutoencoder12init_network0B9_
FN:171,_RNCNvMs1_NtCsh06HHTBymxI_19chess_vector_engine23variational_autoencoderNtB7_22VariationalAutoencoder12init_networks0_0B9_
FN:160,_RNCNvMs1_NtCsh06HHTBymxI_19chess_vector_engine23variational_autoencoderNtB7_22VariationalAutoencoder12init_networks_0B9_
FN:306,_RNCNvMs1_NtCsh06HHTBymxI_19chess_vector_engine23variational_autoencoderNtB7_22VariationalAutoencoder13sample_latent0B9_
FN:401,_RNCNvMs1_NtCsh06HHTBymxI_19chess_vector_engine23variational_autoencoderNtB7_22VariationalAutoencoder15array_to_tensor0B9_
FN:412,_RNCNvMs1_NtCsh06HHTBymxI_19chess_vector_engine23variational_autoencoderNtB7_22VariationalAutoencoder15tensor_to_array0B9_
FN:415,_RNCNvMs1_NtCsh06HHTBymxI_19chess_vector_engine23variational_autoencoderNtB7_22VariationalAutoencoder15tensor_to_arrays_0B9_
FN:318,_RNCNvMs1_NtCsh06HHTBymxI_19chess_vector_engine23variational_autoencoderNtB7_22VariationalAutoencoder6decode0B9_
FN:285,_RNCNvMs1_NtCsh06HHTBymxI_19chess_vector_engine23variational_autoencoderNtB7_22VariationalAutoencoder6encode0B9_
FN:334,_RNCNvMs1_NtCsh06HHTBymxI_19chess_vector_engine23variational_autoencoderNtB7_22VariationalAutoencoder8generate0B9_
FN:492,_RNCNvNtNtCsh06HHTBymxI_19chess_vector_engine23variational_autoencoder5testss_21test_vae_forward_pass0B7_
FN:506,_RNCNvNtNtCsh06HHTBymxI_19chess_vector_engine23variational_autoencoder5testss_23test_vae_reconstruction0B7_
FN:79,_RNvMNtCsh06HHTBymxI_19chess_vector_engine23variational_autoencoderNtB2_18VariationalEncoder14reparameterize
FN:31,_RNvMNtCsh06HHTBymxI_19chess_vector_engine23variational_autoencoderNtB2_18VariationalEncoder3new
FN:63,_RNvMNtCsh06HHTBymxI_19chess_vector_engine23variational_autoencoderNtB2_18VariationalEncoder6encode
FN:387,_RNvMs1_NtCsh06HHTBymxI_19chess_vector_engine23variational_autoencoderNtB5_22VariationalAutoencoder10latent_dim
FN:153,_RNvMs1_NtCsh06HHTBymxI_19chess_vector_engine23variational_autoencoderNtB5_22VariationalAutoencoder12init_network
FN:294,_RNvMs1_NtCsh06HHTBymxI_19chess_vector_engine23variational_autoencoderNtB5_22VariationalAutoencoder13sample_latent
FN:392,_RNvMs1_NtCsh06HHTBymxI_19chess_vector_engine23variational_autoencoderNtB5_22VariationalAutoencoder14is_initialized
FN:397,_RNvMs1_NtCsh06HHTBymxI_19chess_vector_engine23variational_autoencoderNtB5_22VariationalAutoencoder15array_to_tensor
FN:404,_RNvMs1_NtCsh06HHTBymxI_19chess_vector_engine23variational_autoencoderNtB5_22VariationalAutoencoder15tensor_to_array
FN:324,_RNvMs1_NtCsh06HHTBymxI_19chess_vector_engine23variational_autoencoderNtB5_22VariationalAutoencoder20encode_with_sampling
FN:136,_RNvMs1_NtCsh06HHTBymxI_19chess_vector_engine23variational_autoencoderNtB5_22VariationalAutoencoder3new
FN:312,_RNvMs1_NtCsh06HHTBymxI_19chess_vector_engine23variational_autoencoderNtB5_22VariationalAutoencoder6decode
FN:279,_RNvMs1_NtCsh06HHTBymxI_19chess_vector_engine23variational_autoencoderNtB5_22VariationalAutoencoder6encode
FN:330,_RNvMs1_NtCsh06HHTBymxI_19chess_vector_engine23variational_autoencoderNtB5_22VariationalAutoencoder8generate
FN:88,_RNvMs_NtCsh06HHTBymxI_19chess_vector_engine23variational_autoencoderNtB4_18VariationalDecoder3new
FN:117,_RNvXs0_NtCsh06HHTBymxI_19chess_vector_engine23variational_autoencoderNtB5_18VariationalDecoderNtCslAqj6xCR5nr_11candle_core6Module7forward
FN:430,_RNvXs2_NtCsh06HHTBymxI_19chess_vector_engine23variational_autoencoderNtB5_9VAEConfigNtNtCs9sjCchOt1K7_4core7default7Default7default
FN:514,_RNvNtNtCsh06HHTBymxI_19chess_vector_engine23variational_autoencoder5testss_19test_vae_generation
FN:487,_RNvNtNtCsh06HHTBymxI_19chess_vector_engine23variational_autoencoder5testss_21test_vae_forward_pass
FN:477,_RNvNtNtCsh06HHTBymxI_19chess_vector_engine23variational_autoencoder5testss_23test_vae_initialization
FN:501,_RNvNtNtCsh06HHTBymxI_19chess_vector_engine23variational_autoencoder5testss_23test_vae_reconstruction
FNDA:0,_RNCNvMs1_NtCsh06HHTBymxI_19chess_vector_engine23variational_autoencoderNtB7_22VariationalAutoencoder10train_step0B9_
FNDA:0,_RNCNvMs1_NtCsh06HHTBymxI_19chess_vector_engine23variational_autoencoderNtB7_22VariationalAutoencoder10train_steps0_0B9_
FNDA:0,_RNCNvMs1_NtCsh06HHTBymxI_19chess_vector_engine23variational_autoencoderNtB7_22VariationalAutoencoder10train_steps1_0B9_
FNDA:0,_RNCNvMs1_NtCsh06HHTBymxI_19chess_vector_engine23variational_autoencoderNtB7_22VariationalAutoencoder10train_steps2_0B9_
FNDA:0,_RNCNvMs1_NtCsh06HHTBymxI_19chess_vector_engine23variational_autoencoderNtB7_22VariationalAutoencoder10train_steps_0B9_
FNDA:0,_RNCNvMs1_NtCsh06HHTBymxI_19chess_vector_engine23variational_autoencoderNtB7_22VariationalAutoencoder23evaluate_reconstruction0B9_
FNDA:0,_RNCNvMs1_NtCsh06HHTBymxI_19chess_vector_engine23variational_autoencoderNtB7_22VariationalAutoencoder23evaluate_reconstructions0_0B9_
FNDA:0,_RNCNvMs1_NtCsh06HHTBymxI_19chess_vector_engine23variational_autoencoderNtB7_22VariationalAutoencoder23evaluate_reconstructions_0B9_
FNDA:0,_RNCNvMs1_NtCsh06HHTBymxI_19chess_vector_engine23variational_autoencoderNtB7_22VariationalAutoencoder7forward0B9_
FNDA:0,_RNCNvMs1_NtCsh06HHTBymxI_19chess_vector_engine23variational_autoencoderNtB7_22VariationalAutoencoder7forwards_0B9_
FNDA:0,_RNvMs1_NtCsh06HHTBymxI_19chess_vector_engine23variational_autoencoderNtB5_22VariationalAutoencoder10train_step
FNDA:0,_RNvMs1_NtCsh06HHTBymxI_19chess_vector_engine23variational_autoencoderNtB5_22VariationalAutoencoder12compute_loss
FNDA:0,_RNvMs1_NtCsh06HHTBymxI_19chess_vector_engine23variational_autoencoderNtB5_22VariationalAutoencoder23evaluate_reconstruction
FNDA:0,_RNvMs1_NtCsh06HHTBymxI_19chess_vector_engine23variational_autoencoderNtB5_22VariationalAutoencoder7forward
FNDA:0,_RNvMs3_NtCsh06HHTBymxI_19chess_vector_engine23variational_autoencoderNtB5_9VAEConfig15chess_optimized
FNDA:0,_RNvMs3_NtCsh06HHTBymxI_19chess_vector_engine23variational_autoencoderNtB5_9VAEConfig16high_compression
FNDA:0,_RNvMs3_NtCsh06HHTBymxI_19chess_vector_engine23variational_autoencoderNtB5_9VAEConfig8beta_vae
FNDA:0,_RNCNvMs1_NtCsh06HHTBymxI_19chess_vector_engine23variational_autoencoderNtB7_22VariationalAutoencoder12init_network0B9_
FNDA:0,_RNCNvMs1_NtCsh06HHTBymxI_19chess_vector_engine23variational_autoencoderNtB7_22VariationalAutoencoder12init_networks0_0B9_
FNDA:0,_RNCNvMs1_NtCsh06HHTBymxI_19chess_vector_engine23variational_autoencoderNtB7_22VariationalAutoencoder12init_networks_0B9_
FNDA:0,_RNCNvMs1_NtCsh06HHTBymxI_19chess_vector_engine23variational_autoencoderNtB7_22VariationalAutoencoder13sample_latent0B9_
FNDA:0,_RNCNvMs1_NtCsh06HHTBymxI_19chess_vector_engine23variational_autoencoderNtB7_22VariationalAutoencoder15array_to_tensor0B9_
FNDA:0,_RNCNvMs1_NtCsh06HHTBymxI_19chess_vector_engine23variational_autoencoderNtB7_22VariationalAutoencoder15tensor_to_array0B9_
FNDA:0,_RNCNvMs1_NtCsh06HHTBymxI_19chess_vector_engine23variational_autoencoderNtB7_22VariationalAutoencoder15tensor_to_arrays_0B9_
FNDA:0,_RNCNvMs1_NtCsh06HHTBymxI_19chess_vector_engine23variational_autoencoderNtB7_22VariationalAutoencoder6decode0B9_
FNDA:0,_RNCNvMs1_NtCsh06HHTBymxI_19chess_vector_engine23variational_autoencoderNtB7_22VariationalAutoencoder6encode0B9_
FNDA:12,_RNCNvMs1_NtCsh06HHTBymxI_19chess_vector_engine23variational_autoencoderNtB7_22VariationalAutoencoder8generate0B9_
FNDA:256,_RNCNvNtNtCsh06HHTBymxI_19chess_vector_engine23variational_autoencoder5testss_21test_vae_forward_pass0B7_
FNDA:64,_RNCNvNtNtCsh06HHTBymxI_19chess_vector_engine23variational_autoencoder5testss_23test_vae_reconstruction0B7_
FNDA:2,_RNvMNtCsh06HHTBymxI_19chess_vector_engine23variational_autoencoderNtB2_18VariationalEncoder14reparameterize
FNDA:4,_RNvMNtCsh06HHTBymxI_19chess_vector_engine23variational_autoencoderNtB2_18VariationalEncoder3new
FNDA:2,_RNvMNtCsh06HHTBymxI_19chess_vector_engine23variational_autoencoderNtB2_18VariationalEncoder6encode
FNDA:1,_RNvMs1_NtCsh06HHTBymxI_19chess_vector_engine23variational_autoencoderNtB5_22VariationalAutoencoder10latent_dim
FNDA:4,_RNvMs1_NtCsh06HHTBymxI_19chess_vector_engine23variational_autoencoderNtB5_22VariationalAutoencoder12init_network
FNDA:2,_RNvMs1_NtCsh06HHTBymxI_19chess_vector_engine23variational_autoencoderNtB5_22VariationalAutoencoder13sample_latent
FNDA:1,_RNvMs1_NtCsh06HHTBymxI_19chess_vector_engine23variational_autoencoderNtB5_22VariationalAutoencoder14is_initialized
FNDA:8,_RNvMs1_NtCsh06HHTBymxI_19chess_vector_engine23variational_autoencoderNtB5_22VariationalAutoencoder15array_to_tensor
FNDA:8,_RNvMs1_NtCsh06HHTBymxI_19chess_vector_engine23variational_autoencoderNtB5_22VariationalAutoencoder15tensor_to_array
FNDA:2,_RNvMs1_NtCsh06HHTBymxI_19chess_vector_engine23variational_autoencoderNtB5_22VariationalAutoencoder20encode_with_sampling
FNDA:4,_RNvMs1_NtCsh06HHTBymxI_19chess_vector_engine23variational_autoencoderNtB5_22VariationalAutoencoder3new
FNDA:2,_RNvMs1_NtCsh06HHTBymxI_19chess_vector_engine23variational_autoencoderNtB5_22VariationalAutoencoder6decode
FNDA:2,_RNvMs1_NtCsh06HHTBymxI_19chess_vector_engine23variational_autoencoderNtB5_22VariationalAutoencoder6encode
FNDA:1,_RNvMs1_NtCsh06HHTBymxI_19chess_vector_engine23variational_autoencoderNtB5_22VariationalAutoencoder8generate
FNDA:4,_RNvMs_NtCsh06HHTBymxI_19chess_vector_engine23variational_autoencoderNtB4_18VariationalDecoder3new
FNDA:2,_RNvXs0_NtCsh06HHTBymxI_19chess_vector_engine23variational_autoencoderNtB5_18VariationalDecoderNtCslAqj6xCR5nr_11candle_core6Module7forward
FNDA:4,_RNvXs2_NtCsh06HHTBymxI_19chess_vector_engine23variational_autoencoderNtB5_9VAEConfigNtNtCs9sjCchOt1K7_4core7default7Default7default
FNDA:1,_RNvNtNtCsh06HHTBymxI_19chess_vector_engine23variational_autoencoder5testss_19test_vae_generation
FNDA:1,_RNvNtNtCsh06HHTBymxI_19chess_vector_engine23variational_autoencoder5testss_21test_vae_forward_pass
FNDA:1,_RNvNtNtCsh06HHTBymxI_19chess_vector_engine23variational_autoencoder5testss_23test_vae_initialization
FNDA:1,_RNvNtNtCsh06HHTBymxI_19chess_vector_engine23variational_autoencoder5testss_23test_vae_reconstruction
FNF:50
FNH:24
DA:31,4
DA:32,4
DA:33,4
DA:34,4
DA:35,4
DA:36,4
DA:37,4
DA:38,4
DA:41,12
DA:42,12
DA:43,12
DA:44,12
DA:45,12
DA:46,12
DA:47,12
DA:48,12
DA:52,4
DA:53,4
DA:55,4
DA:56,4
DA:57,4
DA:58,4
DA:59,4
DA:60,4
DA:63,2
DA:64,2
DA:67,8
DA:68,6
DA:72,2
DA:73,2
DA:75,2
DA:76,2
DA:79,2
DA:80,2
DA:81,2
DA:82,2
DA:83,2
DA:84,2
DA:88,4
DA:89,4
DA:90,4
DA:91,4
DA:92,4
DA:93,4
DA:94,4
DA:95,4
DA:98,12
DA:99,12
DA:100,12
DA:101,12
DA:102,12
DA:103,12
DA:104,12
DA:105,12
DA:109,4
DA:110,4
DA:111,4
DA:112,4
DA:113,4
DA:117,2
DA:118,2
DA:121,8
DA:122,8
DA:123,8
DA:124,6
DA:127,2
DA:131,2
DA:132,2
DA:136,4
DA:137,4
DA:138,4
DA:139,4
DA:140,4
DA:141,4
DA:142,4
DA:143,4
DA:144,4
DA:145,4
DA:146,4
DA:147,4
DA:148,4
DA:149,4
DA:150,4
DA:153,4
DA:154,4
DA:156,4
DA:157,4
DA:158,4
DA:159,4
DA:160,4
DA:163,4
DA:164,4
DA:165,4
DA:166,4
DA:167,4
DA:168,4
DA:169,4
DA:170,4
DA:171,4
DA:173,4
DA:174,4
DA:175,4
DA:176,4
DA:177,4
DA:178,4
DA:181,0
DA:182,0
DA:183,0
DA:184,0
DA:185,0
DA:186,0
DA:187,0
DA:188,0
DA:189,0
DA:192,0
DA:195,0
DA:198,0
DA:200,0
DA:201,0
DA:204,0
DA:205,0
DA:206,0
DA:207,0
DA:208,0
DA:209,0
DA:210,0
DA:211,0
DA:214,0
DA:215,0
DA:216,0
DA:217,0
DA:218,0
DA:221,0
DA:222,0
DA:223,0
DA:224,0
DA:225,0
DA:226,0
DA:227,0
DA:228,0
DA:229,0
DA:230,0
DA:231,0
DA:232,0
DA:236,0
DA:237,0
DA:238,0
DA:240,0
DA:241,0
DA:244,0
DA:246,0
DA:249,0
DA:250,0
DA:251,0
DA:254,0
DA:255,0
DA:256,0
DA:259,0
DA:260,0
DA:261,0
DA:264,0
DA:265,0
DA:266,0
DA:269,0
DA:270,0
DA:271,0
DA:272,0
DA:275,0
DA:276,0
DA:279,2
DA:280,2
DA:282,2
DA:283,2
DA:284,2
DA:285,2
DA:287,2
DA:288,2
DA:290,2
DA:291,2
DA:294,2
DA:295,2
DA:296,2
DA:297,2
DA:298,2
DA:299,2
DA:301,2
DA:302,2
DA:304,2
DA:305,2
DA:306,2
DA:308,2
DA:309,2
DA:312,2
DA:313,2
DA:315,2
DA:316,2
DA:317,2
DA:318,2
DA:320,2
DA:321,2
DA:324,2
DA:325,2
DA:326,2
DA:327,2
DA:330,1
DA:331,1
DA:334,12
DA:336,12
DA:337,12
DA:338,12
DA:339,1
DA:340,1
DA:341,1
DA:344,0
DA:345,0
DA:346,0
DA:347,0
DA:348,0
DA:349,0
DA:350,0
DA:351,0
DA:353,0
DA:356,0
DA:357,0
DA:358,0
DA:359,0
DA:360,0
DA:361,0
DA:362,0
DA:363,0
DA:364,0
DA:365,0
DA:366,0
DA:367,0
DA:368,0
DA:369,0
DA:370,0
DA:371,0
DA:372,0
DA:373,0
DA:374,0
DA:375,0
DA:376,0
DA:377,0
DA:378,0
DA:379,0
DA:380,0
DA:381,0
DA:382,0
DA:383,0
DA:384,0
DA:387,1
DA:388,1
DA:389,1
DA:392,1
DA:393,1
DA:394,1
DA:397,8
DA:398,8
DA:399,8
DA:400,8
DA:401,8
DA:402,8
DA:404,8
DA:405,8
DA:406,8
DA:407,0
DA:408,8
DA:410,8
DA:411,8
DA:412,8
DA:414,8
DA:415,8
DA:416,8
DA:430,4
DA:431,4
DA:432,4
DA:433,4
DA:434,4
DA:435,4
DA:436,4
DA:437,4
DA:438,4
DA:443,0
DA:444,0
DA:445,0
DA:446,0
DA:447,0
DA:448,0
DA:451,0
DA:452,0
DA:453,0
DA:454,0
DA:455,0
DA:456,0
DA:457,0
DA:460,0
DA:461,0
DA:462,0
DA:463,0
DA:464,0
DA:465,0
DA:466,0
DA:467,0
DA:468,0
DA:477,1
DA:478,1
DA:479,1
DA:480,1
DA:481,1
DA:482,1
DA:483,1
DA:484,1
DA:487,1
DA:488,1
DA:489,1
DA:490,1
DA:491,1
DA:492,256
DA:493,1
DA:494,1
DA:495,1
DA:496,1
DA:497,1
DA:498,1
DA:501,1
DA:502,1
DA:503,1
DA:504,1
DA:505,1
DA:506,64
DA:507,1
DA:508,1
DA:509,1
DA:510,1
DA:511,1
DA:514,1
DA:515,1
DA:516,1
DA:517,1
DA:518,1
DA:519,1
DA:520,1
DA:522,1
DA:523,1
DA:524,1
BRF:0
BRH:0
LF:369
LH:225
end_of_record